

================================================================
== Vitis HLS Report for 'dot_kernel_Pipeline_dot_loop'
================================================================
* Date:           Sun May 10 18:00:57 2026

* Version:        2022.2 (Build 3670227 on Oct 13 2022)
* Project:        dot_kernel
* Solution:       solution (Vitis Kernel Flow Target)
* Product family: virtexuplus
* Target device:  xcu55c-fsvh2892-2L-e


================================================================
== Performance Estimates
================================================================
+ Timing: 
    * Summary: 
    +--------+---------+----------+------------+
    |  Clock |  Target | Estimated| Uncertainty|
    +--------+---------+----------+------------+
    |ap_clk  |  3.33 ns|  2.433 ns|     0.90 ns|
    +--------+---------+----------+------------+

+ Latency: 
    * Summary: 
    +---------+---------+-----------+----------+-----+-----+---------+
    |  Latency (cycles) |  Latency (absolute)  |  Interval | Pipeline|
    |   min   |   max   |    min    |    max   | min | max |   Type  |
    +---------+---------+-----------+----------+-----+-----+---------+
    |       17|        ?|  56.661 ns|         ?|   17|    ?|       no|
    +---------+---------+-----------+----------+-----+-----+---------+

    + Detail: 
        * Instance: 
        N/A

        * Loop: 
        +------------+---------+---------+----------+-----------+-----------+-------+----------+
        |            |  Latency (cycles) | Iteration|  Initiation Interval  |  Trip |          |
        |  Loop Name |   min   |   max   |  Latency |  achieved |   target  | Count | Pipelined|
        +------------+---------+---------+----------+-----------+-----------+-------+----------+
        |- dot_loop  |       15|        ?|        16|          5|          1|  1 ~ ?|       yes|
        +------------+---------+---------+----------+-----------+-----------+-------+----------+

============================================================
+ Verbose Summary: Synthesis Manager
============================================================
InlineROM: 1
ExposeGlobal: 0
============================================================
+ Verbose Summary: CDFG Model
============================================================
IsTopModel: 0
ResetActiveHigh: 1
IsCombinational: 0
IsDatapathOnly: 0
HasWiredReturn: 1
HasMFsm: 2
HasVarLatency: 1
IsPipeline: 0
IsRtlPipelined: 0
IsInstanceOverlapped: 0
IsDontTouch: 0
HasImplIP: 0
IsGatedGlobalClock: 0

+ Individual pipeline summary: 
  * Pipeline-0: initiation interval (II) = 5, depth = 16


============================================================
+ Verbose Summary: Schedule
============================================================
* Number of FSM states : 16
* Pipeline : 1
  Pipeline-0 : II = 5, D = 16, States = { 1 2 3 4 5 6 7 8 9 10 11 12 13 14 15 16 }
* Dataflow Pipeline: 0

* FSM state transitions: 
1 --> 2 
2 --> 3 
3 --> 4 
4 --> 5 
5 --> 6 
6 --> 7 
7 --> 8 
8 --> 9 
9 --> 10 
10 --> 11 
11 --> 12 
12 --> 13 
13 --> 14 
14 --> 15 
15 --> 16 
16 --> 

* FSM state operations: 

State 1 <SV = 0> <Delay = 1.12>
ST_1 : Operation 19 [1/1] (0.00ns)   --->   "%acc = alloca i32 1"   --->   Operation 19 'alloca' 'acc' <Predicate = true> <Delay = 0.00>
ST_1 : Operation 20 [1/1] (0.00ns)   --->   "%index = alloca i32 1"   --->   Operation 20 'alloca' 'index' <Predicate = true> <Delay = 0.00>
ST_1 : Operation 21 [1/1] (0.00ns)   --->   "%trunc_ln33_2_read = read i11 @_ssdm_op_Read.ap_auto.i11, i11 %trunc_ln33_2"   --->   Operation 21 'read' 'trunc_ln33_2_read' <Predicate = true> <Delay = 0.00>
ST_1 : Operation 22 [1/1] (0.00ns)   --->   "%sext_ln33_read = read i61 @_ssdm_op_Read.ap_auto.i61, i61 %sext_ln33"   --->   Operation 22 'read' 'sext_ln33_read' <Predicate = true> <Delay = 0.00>
ST_1 : Operation 23 [1/1] (0.00ns)   --->   "%sext_ln33_1_read = read i61 @_ssdm_op_Read.ap_auto.i61, i61 %sext_ln33_1"   --->   Operation 23 'read' 'sext_ln33_1_read' <Predicate = true> <Delay = 0.00>
ST_1 : Operation 24 [1/1] (0.00ns)   --->   "%sext_ln33_cast = sext i61 %sext_ln33_read"   --->   Operation 24 'sext' 'sext_ln33_cast' <Predicate = true> <Delay = 0.00>
ST_1 : Operation 25 [1/1] (0.00ns)   --->   "%sext_ln33_1_cast = sext i61 %sext_ln33_1_read"   --->   Operation 25 'sext' 'sext_ln33_1_cast' <Predicate = true> <Delay = 0.00>
ST_1 : Operation 26 [1/1] (0.00ns)   --->   "%specinterface_ln0 = specinterface void @_ssdm_op_SpecInterface, i64 %gmem_b, void @empty_4, i32 0, i32 0, void @empty_5, i32 64, i32 0, void @empty, void @empty_7, void @empty_5, i32 16, i32 16, i32 16, i32 16, void @empty_5, void @empty_5, i32 4294967295, i32 0"   --->   Operation 26 'specinterface' 'specinterface_ln0' <Predicate = true> <Delay = 0.00>
ST_1 : Operation 27 [1/1] (0.00ns)   --->   "%specinterface_ln0 = specinterface void @_ssdm_op_SpecInterface, i64 %gmem_a, void @empty_4, i32 0, i32 0, void @empty_5, i32 64, i32 0, void @empty_6, void @empty_7, void @empty_5, i32 16, i32 16, i32 16, i32 16, void @empty_5, void @empty_5, i32 4294967295, i32 0"   --->   Operation 27 'specinterface' 'specinterface_ln0' <Predicate = true> <Delay = 0.00>
ST_1 : Operation 28 [1/1] (0.38ns)   --->   "%store_ln0 = store i11 0, i11 %index"   --->   Operation 28 'store' 'store_ln0' <Predicate = true> <Delay = 0.38>
ST_1 : Operation 29 [1/1] (0.38ns)   --->   "%store_ln0 = store i64 0, i64 %acc"   --->   Operation 29 'store' 'store_ln0' <Predicate = true> <Delay = 0.38>
ST_1 : Operation 30 [1/1] (0.00ns)   --->   "%br_ln0 = br void %for.inc"   --->   Operation 30 'br' 'br_ln0' <Predicate = true> <Delay = 0.00>
ST_1 : Operation 31 [1/1] (0.00ns)   --->   "%index_1 = load i11 %index" [/home/pyx/ProjectFS/Project-X/Project-XPlus/kernels/dot_kernel.cpp:33]   --->   Operation 31 'load' 'index_1' <Predicate = true> <Delay = 0.00>
ST_1 : Operation 32 [1/1] (0.61ns)   --->   "%icmp_ln33 = icmp_eq  i11 %index_1, i11 %trunc_ln33_2_read" [/home/pyx/ProjectFS/Project-X/Project-XPlus/kernels/dot_kernel.cpp:33]   --->   Operation 32 'icmp' 'icmp_ln33' <Predicate = true> <Delay = 0.61> <CoreInst = "Cmp">   --->   Core 9 'Cmp' <Latency = 0> <II = 1> <Delay = 0.61> <FuncUnit> <Opcode : 'icmp'> <InPorts = 2> <OutPorts = 1>
ST_1 : Operation 33 [1/1] (0.73ns)   --->   "%add_ln33 = add i11 %index_1, i11 1" [/home/pyx/ProjectFS/Project-X/Project-XPlus/kernels/dot_kernel.cpp:33]   --->   Operation 33 'add' 'add_ln33' <Predicate = true> <Delay = 0.73> <CoreInst = "Adder">   --->   Core 1 'Adder' <Latency = 0> <II = 1> <Delay = 0.73> <FuncUnit> <Opcode : 'add' 'sub'> <InPorts = 2> <OutPorts = 1>
ST_1 : Operation 34 [1/1] (0.00ns)   --->   "%br_ln33 = br i1 %icmp_ln33, void %for.inc.split, void %for.end.loopexit.exitStub" [/home/pyx/ProjectFS/Project-X/Project-XPlus/kernels/dot_kernel.cpp:33]   --->   Operation 34 'br' 'br_ln33' <Predicate = true> <Delay = 0.00>
ST_1 : Operation 35 [1/1] (0.38ns)   --->   "%store_ln33 = store i11 %add_ln33, i11 %index" [/home/pyx/ProjectFS/Project-X/Project-XPlus/kernels/dot_kernel.cpp:33]   --->   Operation 35 'store' 'store_ln33' <Predicate = (!icmp_ln33)> <Delay = 0.38>

State 2 <SV = 1> <Delay = 2.43>
ST_2 : Operation 36 [1/1] (0.00ns)   --->   "%specbitsmap_ln0 = specbitsmap void @_ssdm_op_SpecBitsMap, i64 %gmem_b"   --->   Operation 36 'specbitsmap' 'specbitsmap_ln0' <Predicate = true> <Delay = 0.00>
ST_2 : Operation 37 [1/1] (0.00ns)   --->   "%specbitsmap_ln0 = specbitsmap void @_ssdm_op_SpecBitsMap, i64 %gmem_a"   --->   Operation 37 'specbitsmap' 'specbitsmap_ln0' <Predicate = true> <Delay = 0.00>
ST_2 : Operation 38 [1/1] (0.00ns)   --->   "%gmem_b_addr = getelementptr i64 %gmem_b, i64 %sext_ln33_1_cast" [/home/pyx/ProjectFS/Project-X/Project-XPlus/kernels/dot_kernel.cpp:33]   --->   Operation 38 'getelementptr' 'gmem_b_addr' <Predicate = true> <Delay = 0.00>
ST_2 : Operation 39 [1/1] (0.00ns)   --->   "%gmem_a_addr = getelementptr i64 %gmem_a, i64 %sext_ln33_cast" [/home/pyx/ProjectFS/Project-X/Project-XPlus/kernels/dot_kernel.cpp:33]   --->   Operation 39 'getelementptr' 'gmem_a_addr' <Predicate = true> <Delay = 0.00>
ST_2 : Operation 40 [1/1] (0.00ns)   --->   "%empty = speclooptripcount i32 @_ssdm_op_SpecLoopTripCount, i64 1, i64 18446744073709551615, i64 0"   --->   Operation 40 'speclooptripcount' 'empty' <Predicate = true> <Delay = 0.00>
ST_2 : Operation 41 [1/1] (2.43ns)   --->   "%gmem_a_addr_read = read i64 @_ssdm_op_Read.m_axi.p1i64, i64 %gmem_a_addr" [/home/pyx/ProjectFS/Project-X/Project-XPlus/kernels/dot_kernel.cpp:35]   --->   Operation 41 'read' 'gmem_a_addr_read' <Predicate = (!icmp_ln33)> <Delay = 2.43> <CoreInst = "m_axi">   --->   Core 121 'm_axi' <Latency = 0> <II = 1> <Delay = 1.00> <Adapter> <Opcode : 'read' 'write' 'readreq' 'writereq' 'writeresp'>
ST_2 : Operation 42 [1/1] (2.43ns)   --->   "%gmem_b_addr_read = read i64 @_ssdm_op_Read.m_axi.p1i64, i64 %gmem_b_addr" [/home/pyx/ProjectFS/Project-X/Project-XPlus/kernels/dot_kernel.cpp:35]   --->   Operation 42 'read' 'gmem_b_addr_read' <Predicate = (!icmp_ln33)> <Delay = 2.43> <CoreInst = "m_axi">   --->   Core 121 'm_axi' <Latency = 0> <II = 1> <Delay = 1.00> <Adapter> <Opcode : 'read' 'write' 'readreq' 'writereq' 'writeresp'>

State 3 <SV = 2> <Delay = 2.32>
ST_3 : Operation 43 [1/1] (0.00ns)   --->   "%bitcast_ln35 = bitcast i64 %gmem_a_addr_read" [/home/pyx/ProjectFS/Project-X/Project-XPlus/kernels/dot_kernel.cpp:35]   --->   Operation 43 'bitcast' 'bitcast_ln35' <Predicate = (!icmp_ln33)> <Delay = 0.00>
ST_3 : Operation 44 [1/1] (0.00ns)   --->   "%bitcast_ln35_1 = bitcast i64 %gmem_b_addr_read" [/home/pyx/ProjectFS/Project-X/Project-XPlus/kernels/dot_kernel.cpp:35]   --->   Operation 44 'bitcast' 'bitcast_ln35_1' <Predicate = (!icmp_ln33)> <Delay = 0.00>
ST_3 : Operation 45 [8/8] (2.32ns)   --->   "%mul = dmul i64 %bitcast_ln35, i64 %bitcast_ln35_1" [/home/pyx/ProjectFS/Project-X/Project-XPlus/kernels/dot_kernel.cpp:35]   --->   Operation 45 'dmul' 'mul' <Predicate = (!icmp_ln33)> <Delay = 2.32> <CoreInst = "DMul_maxdsp">   --->   Core 49 'DMul_maxdsp' <Latency = 7> <II = 1> <Delay = 2.32> <FuncUnit> <Opcode : 'dmul'> <InPorts = 2> <OutPorts = 1>

State 4 <SV = 3> <Delay = 2.32>
ST_4 : Operation 46 [7/8] (2.32ns)   --->   "%mul = dmul i64 %bitcast_ln35, i64 %bitcast_ln35_1" [/home/pyx/ProjectFS/Project-X/Project-XPlus/kernels/dot_kernel.cpp:35]   --->   Operation 46 'dmul' 'mul' <Predicate = (!icmp_ln33)> <Delay = 2.32> <CoreInst = "DMul_maxdsp">   --->   Core 49 'DMul_maxdsp' <Latency = 7> <II = 1> <Delay = 2.32> <FuncUnit> <Opcode : 'dmul'> <InPorts = 2> <OutPorts = 1>

State 5 <SV = 4> <Delay = 2.32>
ST_5 : Operation 47 [6/8] (2.32ns)   --->   "%mul = dmul i64 %bitcast_ln35, i64 %bitcast_ln35_1" [/home/pyx/ProjectFS/Project-X/Project-XPlus/kernels/dot_kernel.cpp:35]   --->   Operation 47 'dmul' 'mul' <Predicate = (!icmp_ln33)> <Delay = 2.32> <CoreInst = "DMul_maxdsp">   --->   Core 49 'DMul_maxdsp' <Latency = 7> <II = 1> <Delay = 2.32> <FuncUnit> <Opcode : 'dmul'> <InPorts = 2> <OutPorts = 1>

State 6 <SV = 5> <Delay = 2.32>
ST_6 : Operation 48 [5/8] (2.32ns)   --->   "%mul = dmul i64 %bitcast_ln35, i64 %bitcast_ln35_1" [/home/pyx/ProjectFS/Project-X/Project-XPlus/kernels/dot_kernel.cpp:35]   --->   Operation 48 'dmul' 'mul' <Predicate = true> <Delay = 2.32> <CoreInst = "DMul_maxdsp">   --->   Core 49 'DMul_maxdsp' <Latency = 7> <II = 1> <Delay = 2.32> <FuncUnit> <Opcode : 'dmul'> <InPorts = 2> <OutPorts = 1>

State 7 <SV = 6> <Delay = 2.32>
ST_7 : Operation 49 [4/8] (2.32ns)   --->   "%mul = dmul i64 %bitcast_ln35, i64 %bitcast_ln35_1" [/home/pyx/ProjectFS/Project-X/Project-XPlus/kernels/dot_kernel.cpp:35]   --->   Operation 49 'dmul' 'mul' <Predicate = true> <Delay = 2.32> <CoreInst = "DMul_maxdsp">   --->   Core 49 'DMul_maxdsp' <Latency = 7> <II = 1> <Delay = 2.32> <FuncUnit> <Opcode : 'dmul'> <InPorts = 2> <OutPorts = 1>

State 8 <SV = 7> <Delay = 2.32>
ST_8 : Operation 50 [3/8] (2.32ns)   --->   "%mul = dmul i64 %bitcast_ln35, i64 %bitcast_ln35_1" [/home/pyx/ProjectFS/Project-X/Project-XPlus/kernels/dot_kernel.cpp:35]   --->   Operation 50 'dmul' 'mul' <Predicate = true> <Delay = 2.32> <CoreInst = "DMul_maxdsp">   --->   Core 49 'DMul_maxdsp' <Latency = 7> <II = 1> <Delay = 2.32> <FuncUnit> <Opcode : 'dmul'> <InPorts = 2> <OutPorts = 1>

State 9 <SV = 8> <Delay = 2.32>
ST_9 : Operation 51 [2/8] (2.32ns)   --->   "%mul = dmul i64 %bitcast_ln35, i64 %bitcast_ln35_1" [/home/pyx/ProjectFS/Project-X/Project-XPlus/kernels/dot_kernel.cpp:35]   --->   Operation 51 'dmul' 'mul' <Predicate = true> <Delay = 2.32> <CoreInst = "DMul_maxdsp">   --->   Core 49 'DMul_maxdsp' <Latency = 7> <II = 1> <Delay = 2.32> <FuncUnit> <Opcode : 'dmul'> <InPorts = 2> <OutPorts = 1>

State 10 <SV = 9> <Delay = 2.32>
ST_10 : Operation 52 [1/8] (2.32ns)   --->   "%mul = dmul i64 %bitcast_ln35, i64 %bitcast_ln35_1" [/home/pyx/ProjectFS/Project-X/Project-XPlus/kernels/dot_kernel.cpp:35]   --->   Operation 52 'dmul' 'mul' <Predicate = true> <Delay = 2.32> <CoreInst = "DMul_maxdsp">   --->   Core 49 'DMul_maxdsp' <Latency = 7> <II = 1> <Delay = 2.32> <FuncUnit> <Opcode : 'dmul'> <InPorts = 2> <OutPorts = 1>

State 11 <SV = 10> <Delay = 1.97>
ST_11 : Operation 53 [1/1] (0.00ns)   --->   "%acc_load = load i64 %acc" [/home/pyx/ProjectFS/Project-X/Project-XPlus/kernels/dot_kernel.cpp:35]   --->   Operation 53 'load' 'acc_load' <Predicate = true> <Delay = 0.00>
ST_11 : Operation 54 [6/6] (1.97ns)   --->   "%acc_1 = dadd i64 %acc_load, i64 %mul" [/home/pyx/ProjectFS/Project-X/Project-XPlus/kernels/dot_kernel.cpp:35]   --->   Operation 54 'dadd' 'acc_1' <Predicate = true> <Delay = 1.97> <CoreInst = "DAddSub_nodsp">   --->   Core 36 'DAddSub_nodsp' <Latency = 5> <II = 1> <Delay = 1.97> <FuncUnit> <Opcode : 'dadd' 'dsub'> <InPorts = 2> <OutPorts = 1>
ST_11 : Operation 64 [1/1] (0.00ns)   --->   "%acc_load_1 = load i64 %acc"   --->   Operation 64 'load' 'acc_load_1' <Predicate = (icmp_ln33)> <Delay = 0.00>
ST_11 : Operation 65 [1/1] (0.00ns)   --->   "%write_ln0 = write void @_ssdm_op_Write.ap_auto.doubleP0A, i64 %acc_out, i64 %acc_load_1"   --->   Operation 65 'write' 'write_ln0' <Predicate = (icmp_ln33)> <Delay = 0.00>
ST_11 : Operation 66 [1/1] (0.00ns)   --->   "%ret_ln0 = ret"   --->   Operation 66 'ret' 'ret_ln0' <Predicate = (icmp_ln33)> <Delay = 0.00>

State 12 <SV = 11> <Delay = 1.97>
ST_12 : Operation 55 [5/6] (1.97ns)   --->   "%acc_1 = dadd i64 %acc_load, i64 %mul" [/home/pyx/ProjectFS/Project-X/Project-XPlus/kernels/dot_kernel.cpp:35]   --->   Operation 55 'dadd' 'acc_1' <Predicate = true> <Delay = 1.97> <CoreInst = "DAddSub_nodsp">   --->   Core 36 'DAddSub_nodsp' <Latency = 5> <II = 1> <Delay = 1.97> <FuncUnit> <Opcode : 'dadd' 'dsub'> <InPorts = 2> <OutPorts = 1>

State 13 <SV = 12> <Delay = 1.97>
ST_13 : Operation 56 [4/6] (1.97ns)   --->   "%acc_1 = dadd i64 %acc_load, i64 %mul" [/home/pyx/ProjectFS/Project-X/Project-XPlus/kernels/dot_kernel.cpp:35]   --->   Operation 56 'dadd' 'acc_1' <Predicate = true> <Delay = 1.97> <CoreInst = "DAddSub_nodsp">   --->   Core 36 'DAddSub_nodsp' <Latency = 5> <II = 1> <Delay = 1.97> <FuncUnit> <Opcode : 'dadd' 'dsub'> <InPorts = 2> <OutPorts = 1>

State 14 <SV = 13> <Delay = 1.97>
ST_14 : Operation 57 [3/6] (1.97ns)   --->   "%acc_1 = dadd i64 %acc_load, i64 %mul" [/home/pyx/ProjectFS/Project-X/Project-XPlus/kernels/dot_kernel.cpp:35]   --->   Operation 57 'dadd' 'acc_1' <Predicate = true> <Delay = 1.97> <CoreInst = "DAddSub_nodsp">   --->   Core 36 'DAddSub_nodsp' <Latency = 5> <II = 1> <Delay = 1.97> <FuncUnit> <Opcode : 'dadd' 'dsub'> <InPorts = 2> <OutPorts = 1>

State 15 <SV = 14> <Delay = 1.97>
ST_15 : Operation 58 [2/6] (1.97ns)   --->   "%acc_1 = dadd i64 %acc_load, i64 %mul" [/home/pyx/ProjectFS/Project-X/Project-XPlus/kernels/dot_kernel.cpp:35]   --->   Operation 58 'dadd' 'acc_1' <Predicate = true> <Delay = 1.97> <CoreInst = "DAddSub_nodsp">   --->   Core 36 'DAddSub_nodsp' <Latency = 5> <II = 1> <Delay = 1.97> <FuncUnit> <Opcode : 'dadd' 'dsub'> <InPorts = 2> <OutPorts = 1>

State 16 <SV = 15> <Delay = 2.36>
ST_16 : Operation 59 [1/1] (0.00ns)   --->   "%specpipeline_ln34 = specpipeline void @_ssdm_op_SpecPipeline, i32 1, i32 0, i32 0, i32 0, void @empty_5" [/home/pyx/ProjectFS/Project-X/Project-XPlus/kernels/dot_kernel.cpp:34]   --->   Operation 59 'specpipeline' 'specpipeline_ln34' <Predicate = true> <Delay = 0.00>
ST_16 : Operation 60 [1/1] (0.00ns)   --->   "%specloopname_ln30 = specloopname void @_ssdm_op_SpecLoopName, void @empty_11" [/home/pyx/ProjectFS/Project-X/Project-XPlus/kernels/dot_kernel.cpp:30]   --->   Operation 60 'specloopname' 'specloopname_ln30' <Predicate = true> <Delay = 0.00>
ST_16 : Operation 61 [1/6] (1.97ns)   --->   "%acc_1 = dadd i64 %acc_load, i64 %mul" [/home/pyx/ProjectFS/Project-X/Project-XPlus/kernels/dot_kernel.cpp:35]   --->   Operation 61 'dadd' 'acc_1' <Predicate = true> <Delay = 1.97> <CoreInst = "DAddSub_nodsp">   --->   Core 36 'DAddSub_nodsp' <Latency = 5> <II = 1> <Delay = 1.97> <FuncUnit> <Opcode : 'dadd' 'dsub'> <InPorts = 2> <OutPorts = 1>
ST_16 : Operation 62 [1/1] (0.38ns)   --->   "%store_ln33 = store i64 %acc_1, i64 %acc" [/home/pyx/ProjectFS/Project-X/Project-XPlus/kernels/dot_kernel.cpp:33]   --->   Operation 62 'store' 'store_ln33' <Predicate = true> <Delay = 0.38>
ST_16 : Operation 63 [1/1] (0.00ns)   --->   "%br_ln33 = br void %for.inc" [/home/pyx/ProjectFS/Project-X/Project-XPlus/kernels/dot_kernel.cpp:33]   --->   Operation 63 'br' 'br_ln33' <Predicate = true> <Delay = 0.00>


============================================================
+ Verbose Summary: Timing violations
============================================================
Target clock period: 3.33ns, clock uncertainty: 0.9ns.

 <State 1>: 1.12ns
The critical path consists of the following:
	'alloca' operation ('index') [8]  (0 ns)
	'load' operation ('index', /home/pyx/ProjectFS/Project-X/Project-XPlus/kernels/dot_kernel.cpp:33) on local variable 'index' [20]  (0 ns)
	'add' operation ('add_ln33', /home/pyx/ProjectFS/Project-X/Project-XPlus/kernels/dot_kernel.cpp:33) [27]  (0.735 ns)
	'store' operation ('store_ln33', /home/pyx/ProjectFS/Project-X/Project-XPlus/kernels/dot_kernel.cpp:33) of variable 'add_ln33', /home/pyx/ProjectFS/Project-X/Project-XPlus/kernels/dot_kernel.cpp:33 on local variable 'index' [39]  (0.387 ns)

 <State 2>: 2.43ns
The critical path consists of the following:
	'getelementptr' operation ('gmem_a_addr', /home/pyx/ProjectFS/Project-X/Project-XPlus/kernels/dot_kernel.cpp:33) [24]  (0 ns)
	bus read operation ('gmem_a_addr_read', /home/pyx/ProjectFS/Project-X/Project-XPlus/kernels/dot_kernel.cpp:35) on port 'gmem_a' (/home/pyx/ProjectFS/Project-X/Project-XPlus/kernels/dot_kernel.cpp:35) [33]  (2.43 ns)

 <State 3>: 2.32ns
The critical path consists of the following:
	'dmul' operation ('mul', /home/pyx/ProjectFS/Project-X/Project-XPlus/kernels/dot_kernel.cpp:35) [37]  (2.32 ns)

 <State 4>: 2.32ns
The critical path consists of the following:
	'dmul' operation ('mul', /home/pyx/ProjectFS/Project-X/Project-XPlus/kernels/dot_kernel.cpp:35) [37]  (2.32 ns)

 <State 5>: 2.32ns
The critical path consists of the following:
	'dmul' operation ('mul', /home/pyx/ProjectFS/Project-X/Project-XPlus/kernels/dot_kernel.cpp:35) [37]  (2.32 ns)

 <State 6>: 2.32ns
The critical path consists of the following:
	'dmul' operation ('mul', /home/pyx/ProjectFS/Project-X/Project-XPlus/kernels/dot_kernel.cpp:35) [37]  (2.32 ns)

 <State 7>: 2.32ns
The critical path consists of the following:
	'dmul' operation ('mul', /home/pyx/ProjectFS/Project-X/Project-XPlus/kernels/dot_kernel.cpp:35) [37]  (2.32 ns)

 <State 8>: 2.32ns
The critical path consists of the following:
	'dmul' operation ('mul', /home/pyx/ProjectFS/Project-X/Project-XPlus/kernels/dot_kernel.cpp:35) [37]  (2.32 ns)

 <State 9>: 2.32ns
The critical path consists of the following:
	'dmul' operation ('mul', /home/pyx/ProjectFS/Project-X/Project-XPlus/kernels/dot_kernel.cpp:35) [37]  (2.32 ns)

 <State 10>: 2.32ns
The critical path consists of the following:
	'dmul' operation ('mul', /home/pyx/ProjectFS/Project-X/Project-XPlus/kernels/dot_kernel.cpp:35) [37]  (2.32 ns)

 <State 11>: 1.97ns
The critical path consists of the following:
	'load' operation ('acc_load', /home/pyx/ProjectFS/Project-X/Project-XPlus/kernels/dot_kernel.cpp:35) on local variable 'acc' [30]  (0 ns)
	'dadd' operation ('acc', /home/pyx/ProjectFS/Project-X/Project-XPlus/kernels/dot_kernel.cpp:35) [38]  (1.97 ns)

 <State 12>: 1.97ns
The critical path consists of the following:
	'dadd' operation ('acc', /home/pyx/ProjectFS/Project-X/Project-XPlus/kernels/dot_kernel.cpp:35) [38]  (1.97 ns)

 <State 13>: 1.97ns
The critical path consists of the following:
	'dadd' operation ('acc', /home/pyx/ProjectFS/Project-X/Project-XPlus/kernels/dot_kernel.cpp:35) [38]  (1.97 ns)

 <State 14>: 1.97ns
The critical path consists of the following:
	'dadd' operation ('acc', /home/pyx/ProjectFS/Project-X/Project-XPlus/kernels/dot_kernel.cpp:35) [38]  (1.97 ns)

 <State 15>: 1.97ns
The critical path consists of the following:
	'dadd' operation ('acc', /home/pyx/ProjectFS/Project-X/Project-XPlus/kernels/dot_kernel.cpp:35) [38]  (1.97 ns)

 <State 16>: 2.36ns
The critical path consists of the following:
	'dadd' operation ('acc', /home/pyx/ProjectFS/Project-X/Project-XPlus/kernels/dot_kernel.cpp:35) [38]  (1.97 ns)
	'store' operation ('store_ln33', /home/pyx/ProjectFS/Project-X/Project-XPlus/kernels/dot_kernel.cpp:33) of variable 'acc', /home/pyx/ProjectFS/Project-X/Project-XPlus/kernels/dot_kernel.cpp:35 on local variable 'acc' [40]  (0.387 ns)


============================================================
+ Verbose Summary: Binding
============================================================
N/A
* FSMD analyzer results:
  - Output states:
 - Input state : 
  - Chain level:
	State 1
	State 2
	State 3
	State 4
	State 5
	State 6
	State 7
	State 8
	State 9
	State 10
	State 11
	State 12
	State 13
	State 14
	State 15
	State 16


============================================================
+ Verbose Summary: Datapath Resource usage 
============================================================
N/A
