

================================================================
== Vitis HLS Report for 'init_pcg_kernel_Pipeline_init_loop'
================================================================
* Date:           Sun May 10 18:00:21 2026

* Version:        2022.2 (Build 3670227 on Oct 13 2022)
* Project:        init_pcg_kernel
* Solution:       solution (Vitis Kernel Flow Target)
* Product family: virtexuplus
* Target device:  xcu55c-fsvh2892-2L-e


================================================================
== Performance Estimates
================================================================
+ Timing: 
    * Summary: 
    +--------+---------+----------+------------+
    |  Clock |  Target | Estimated| Uncertainty|
    +--------+---------+----------+------------+
    |ap_clk  |  3.33 ns|  2.433 ns|     0.90 ns|
    +--------+---------+----------+------------+

+ Latency: 
    * Summary: 
    +---------+---------+----------+----------+-----+-----+---------+
    |  Latency (cycles) |  Latency (absolute) |  Interval | Pipeline|
    |   min   |   max   |    min   |    max   | min | max |   Type  |
    +---------+---------+----------+----------+-----+-----+---------+
    |       33|        ?|  0.110 us|         ?|   33|    ?|       no|
    +---------+---------+----------+----------+-----+-----+---------+

    + Detail: 
        * Instance: 
        N/A

        * Loop: 
        +-------------+---------+---------+----------+-----------+-----------+-------+----------+
        |             |  Latency (cycles) | Iteration|  Initiation Interval  |  Trip |          |
        |  Loop Name  |   min   |   max   |  Latency |  achieved |   target  | Count | Pipelined|
        +-------------+---------+---------+----------+-----------+-----------+-------+----------+
        |- init_loop  |       31|        ?|        32|          5|          1|  1 ~ ?|       yes|
        +-------------+---------+---------+----------+-----------+-----------+-------+----------+

============================================================
+ Verbose Summary: Synthesis Manager
============================================================
InlineROM: 1
ExposeGlobal: 0
============================================================
+ Verbose Summary: CDFG Model
============================================================
IsTopModel: 0
ResetActiveHigh: 1
IsCombinational: 0
IsDatapathOnly: 0
HasWiredReturn: 1
HasMFsm: 2
HasVarLatency: 1
IsPipeline: 0
IsRtlPipelined: 0
IsInstanceOverlapped: 0
IsDontTouch: 0
HasImplIP: 0
IsGatedGlobalClock: 0

+ Individual pipeline summary: 
  * Pipeline-0: initiation interval (II) = 5, depth = 32


============================================================
+ Verbose Summary: Schedule
============================================================
* Number of FSM states : 32
* Pipeline : 1
  Pipeline-0 : II = 5, D = 32, States = { 1 2 3 4 5 6 7 8 9 10 11 12 13 14 15 16 17 18 19 20 21 22 23 24 25 26 27 28 29 30 31 32 }
* Dataflow Pipeline: 0

* FSM state transitions: 
1 --> 2 
2 --> 3 
3 --> 4 
4 --> 5 
5 --> 6 
6 --> 7 
7 --> 8 
8 --> 9 
9 --> 10 
10 --> 11 
11 --> 12 
12 --> 13 
13 --> 14 
14 --> 15 
15 --> 16 
16 --> 17 
17 --> 18 
18 --> 19 
19 --> 20 
20 --> 21 
21 --> 22 
22 --> 23 
23 --> 24 
24 --> 25 
25 --> 26 
26 --> 27 
27 --> 28 
28 --> 29 
29 --> 30 
30 --> 31 
31 --> 32 
32 --> 

* FSM state operations: 

State 1 <SV = 0> <Delay = 1.12>
ST_1 : Operation 35 [1/1] (0.00ns)   --->   "%rz = alloca i32 1"   --->   Operation 35 'alloca' 'rz' <Predicate = true> <Delay = 0.00>
ST_1 : Operation 36 [1/1] (0.00ns)   --->   "%rr = alloca i32 1"   --->   Operation 36 'alloca' 'rr' <Predicate = true> <Delay = 0.00>
ST_1 : Operation 37 [1/1] (0.00ns)   --->   "%index = alloca i32 1"   --->   Operation 37 'alloca' 'index' <Predicate = true> <Delay = 0.00>
ST_1 : Operation 38 [1/1] (0.00ns)   --->   "%trunc_ln48_6_read = read i11 @_ssdm_op_Read.ap_auto.i11, i11 %trunc_ln48_6"   --->   Operation 38 'read' 'trunc_ln48_6_read' <Predicate = true> <Delay = 0.00>
ST_1 : Operation 39 [1/1] (0.00ns)   --->   "%sext_ln48_read = read i61 @_ssdm_op_Read.ap_auto.i61, i61 %sext_ln48"   --->   Operation 39 'read' 'sext_ln48_read' <Predicate = true> <Delay = 0.00>
ST_1 : Operation 40 [1/1] (0.00ns)   --->   "%sext_ln48_1_read = read i61 @_ssdm_op_Read.ap_auto.i61, i61 %sext_ln48_1"   --->   Operation 40 'read' 'sext_ln48_1_read' <Predicate = true> <Delay = 0.00>
ST_1 : Operation 41 [1/1] (0.00ns)   --->   "%sext_ln48_2_read = read i61 @_ssdm_op_Read.ap_auto.i61, i61 %sext_ln48_2"   --->   Operation 41 'read' 'sext_ln48_2_read' <Predicate = true> <Delay = 0.00>
ST_1 : Operation 42 [1/1] (0.00ns)   --->   "%sext_ln48_3_read = read i61 @_ssdm_op_Read.ap_auto.i61, i61 %sext_ln48_3"   --->   Operation 42 'read' 'sext_ln48_3_read' <Predicate = true> <Delay = 0.00>
ST_1 : Operation 43 [1/1] (0.00ns)   --->   "%sext_ln48_4_read = read i61 @_ssdm_op_Read.ap_auto.i61, i61 %sext_ln48_4"   --->   Operation 43 'read' 'sext_ln48_4_read' <Predicate = true> <Delay = 0.00>
ST_1 : Operation 44 [1/1] (0.00ns)   --->   "%sext_ln48_5_read = read i61 @_ssdm_op_Read.ap_auto.i61, i61 %sext_ln48_5"   --->   Operation 44 'read' 'sext_ln48_5_read' <Predicate = true> <Delay = 0.00>
ST_1 : Operation 45 [1/1] (0.00ns)   --->   "%sext_ln48_cast = sext i61 %sext_ln48_read"   --->   Operation 45 'sext' 'sext_ln48_cast' <Predicate = true> <Delay = 0.00>
ST_1 : Operation 46 [1/1] (0.00ns)   --->   "%sext_ln48_1_cast = sext i61 %sext_ln48_1_read"   --->   Operation 46 'sext' 'sext_ln48_1_cast' <Predicate = true> <Delay = 0.00>
ST_1 : Operation 47 [1/1] (0.00ns)   --->   "%sext_ln48_2_cast = sext i61 %sext_ln48_2_read"   --->   Operation 47 'sext' 'sext_ln48_2_cast' <Predicate = true> <Delay = 0.00>
ST_1 : Operation 48 [1/1] (0.00ns)   --->   "%sext_ln48_3_cast = sext i61 %sext_ln48_3_read"   --->   Operation 48 'sext' 'sext_ln48_3_cast' <Predicate = true> <Delay = 0.00>
ST_1 : Operation 49 [1/1] (0.00ns)   --->   "%sext_ln48_4_cast = sext i61 %sext_ln48_4_read"   --->   Operation 49 'sext' 'sext_ln48_4_cast' <Predicate = true> <Delay = 0.00>
ST_1 : Operation 50 [1/1] (0.00ns)   --->   "%sext_ln48_5_cast = sext i61 %sext_ln48_5_read"   --->   Operation 50 'sext' 'sext_ln48_5_cast' <Predicate = true> <Delay = 0.00>
ST_1 : Operation 51 [1/1] (0.00ns)   --->   "%specinterface_ln0 = specinterface void @_ssdm_op_SpecInterface, i64 %gmem_p, void @empty, i32 0, i32 0, void @empty_0, i32 64, i32 0, void @empty_7, void @empty_2, void @empty_0, i32 16, i32 16, i32 16, i32 16, void @empty_0, void @empty_0, i32 4294967295, i32 0"   --->   Operation 51 'specinterface' 'specinterface_ln0' <Predicate = true> <Delay = 0.00>
ST_1 : Operation 52 [1/1] (0.00ns)   --->   "%specinterface_ln0 = specinterface void @_ssdm_op_SpecInterface, i64 %gmem_z, void @empty, i32 0, i32 0, void @empty_0, i32 64, i32 0, void @empty_17, void @empty_2, void @empty_0, i32 16, i32 16, i32 16, i32 16, void @empty_0, void @empty_0, i32 4294967295, i32 0"   --->   Operation 52 'specinterface' 'specinterface_ln0' <Predicate = true> <Delay = 0.00>
ST_1 : Operation 53 [1/1] (0.00ns)   --->   "%specinterface_ln0 = specinterface void @_ssdm_op_SpecInterface, i64 %gmem_r, void @empty, i32 0, i32 0, void @empty_0, i32 64, i32 0, void @empty_6, void @empty_2, void @empty_0, i32 16, i32 16, i32 16, i32 16, void @empty_0, void @empty_0, i32 4294967295, i32 0"   --->   Operation 53 'specinterface' 'specinterface_ln0' <Predicate = true> <Delay = 0.00>
ST_1 : Operation 54 [1/1] (0.00ns)   --->   "%specinterface_ln0 = specinterface void @_ssdm_op_SpecInterface, i64 %gmem_minv, void @empty, i32 0, i32 0, void @empty_0, i32 64, i32 0, void @empty_4, void @empty_2, void @empty_0, i32 16, i32 16, i32 16, i32 16, void @empty_0, void @empty_0, i32 4294967295, i32 0"   --->   Operation 54 'specinterface' 'specinterface_ln0' <Predicate = true> <Delay = 0.00>
ST_1 : Operation 55 [1/1] (0.00ns)   --->   "%specinterface_ln0 = specinterface void @_ssdm_op_SpecInterface, i64 %gmem_ax, void @empty, i32 0, i32 0, void @empty_0, i32 64, i32 0, void @empty_3, void @empty_2, void @empty_0, i32 16, i32 16, i32 16, i32 16, void @empty_0, void @empty_0, i32 4294967295, i32 0"   --->   Operation 55 'specinterface' 'specinterface_ln0' <Predicate = true> <Delay = 0.00>
ST_1 : Operation 56 [1/1] (0.00ns)   --->   "%specinterface_ln0 = specinterface void @_ssdm_op_SpecInterface, i64 %gmem_b, void @empty, i32 0, i32 0, void @empty_0, i32 64, i32 0, void @empty_1, void @empty_2, void @empty_0, i32 16, i32 16, i32 16, i32 16, void @empty_0, void @empty_0, i32 4294967295, i32 0"   --->   Operation 56 'specinterface' 'specinterface_ln0' <Predicate = true> <Delay = 0.00>
ST_1 : Operation 57 [1/1] (0.38ns)   --->   "%store_ln0 = store i11 0, i11 %index"   --->   Operation 57 'store' 'store_ln0' <Predicate = true> <Delay = 0.38>
ST_1 : Operation 58 [1/1] (0.38ns)   --->   "%store_ln0 = store i64 0, i64 %rr"   --->   Operation 58 'store' 'store_ln0' <Predicate = true> <Delay = 0.38>
ST_1 : Operation 59 [1/1] (0.38ns)   --->   "%store_ln0 = store i64 0, i64 %rz"   --->   Operation 59 'store' 'store_ln0' <Predicate = true> <Delay = 0.38>
ST_1 : Operation 60 [1/1] (0.00ns)   --->   "%br_ln0 = br void %for.inc"   --->   Operation 60 'br' 'br_ln0' <Predicate = true> <Delay = 0.00>
ST_1 : Operation 61 [1/1] (0.00ns)   --->   "%index_1 = load i11 %index" [/home/pyx/ProjectFS/Project-X/Project-XPlus/kernels/init_pcg_kernel.cpp:48]   --->   Operation 61 'load' 'index_1' <Predicate = true> <Delay = 0.00>
ST_1 : Operation 62 [1/1] (0.61ns)   --->   "%icmp_ln48 = icmp_eq  i11 %index_1, i11 %trunc_ln48_6_read" [/home/pyx/ProjectFS/Project-X/Project-XPlus/kernels/init_pcg_kernel.cpp:48]   --->   Operation 62 'icmp' 'icmp_ln48' <Predicate = true> <Delay = 0.61> <CoreInst = "Cmp">   --->   Core 9 'Cmp' <Latency = 0> <II = 1> <Delay = 0.61> <FuncUnit> <Opcode : 'icmp'> <InPorts = 2> <OutPorts = 1>
ST_1 : Operation 63 [1/1] (0.73ns)   --->   "%add_ln48 = add i11 %index_1, i11 1" [/home/pyx/ProjectFS/Project-X/Project-XPlus/kernels/init_pcg_kernel.cpp:48]   --->   Operation 63 'add' 'add_ln48' <Predicate = true> <Delay = 0.73> <CoreInst = "Adder">   --->   Core 1 'Adder' <Latency = 0> <II = 1> <Delay = 0.73> <FuncUnit> <Opcode : 'add' 'sub'> <InPorts = 2> <OutPorts = 1>
ST_1 : Operation 64 [1/1] (0.00ns)   --->   "%br_ln48 = br i1 %icmp_ln48, void %for.inc.split, void %for.end.loopexit.exitStub" [/home/pyx/ProjectFS/Project-X/Project-XPlus/kernels/init_pcg_kernel.cpp:48]   --->   Operation 64 'br' 'br_ln48' <Predicate = true> <Delay = 0.00>
ST_1 : Operation 65 [1/1] (0.38ns)   --->   "%store_ln48 = store i11 %add_ln48, i11 %index" [/home/pyx/ProjectFS/Project-X/Project-XPlus/kernels/init_pcg_kernel.cpp:48]   --->   Operation 65 'store' 'store_ln48' <Predicate = (!icmp_ln48)> <Delay = 0.38>

State 2 <SV = 1> <Delay = 2.43>
ST_2 : Operation 66 [1/1] (0.00ns)   --->   "%gmem_ax_addr = getelementptr i64 %gmem_ax, i64 %sext_ln48_1_cast" [/home/pyx/ProjectFS/Project-X/Project-XPlus/kernels/init_pcg_kernel.cpp:48]   --->   Operation 66 'getelementptr' 'gmem_ax_addr' <Predicate = true> <Delay = 0.00>
ST_2 : Operation 67 [1/1] (0.00ns)   --->   "%gmem_b_addr = getelementptr i64 %gmem_b, i64 %sext_ln48_cast" [/home/pyx/ProjectFS/Project-X/Project-XPlus/kernels/init_pcg_kernel.cpp:48]   --->   Operation 67 'getelementptr' 'gmem_b_addr' <Predicate = true> <Delay = 0.00>
ST_2 : Operation 68 [1/1] (2.43ns)   --->   "%gmem_b_addr_read = read i64 @_ssdm_op_Read.m_axi.p1i64, i64 %gmem_b_addr" [/home/pyx/ProjectFS/Project-X/Project-XPlus/kernels/init_pcg_kernel.cpp:52]   --->   Operation 68 'read' 'gmem_b_addr_read' <Predicate = (!icmp_ln48)> <Delay = 2.43> <CoreInst = "m_axi">   --->   Core 121 'm_axi' <Latency = 0> <II = 1> <Delay = 1.00> <Adapter> <Opcode : 'read' 'write' 'readreq' 'writereq' 'writeresp'>
ST_2 : Operation 69 [1/1] (2.43ns)   --->   "%gmem_ax_addr_read = read i64 @_ssdm_op_Read.m_axi.p1i64, i64 %gmem_ax_addr" [/home/pyx/ProjectFS/Project-X/Project-XPlus/kernels/init_pcg_kernel.cpp:52]   --->   Operation 69 'read' 'gmem_ax_addr_read' <Predicate = (!icmp_ln48)> <Delay = 2.43> <CoreInst = "m_axi">   --->   Core 121 'm_axi' <Latency = 0> <II = 1> <Delay = 1.00> <Adapter> <Opcode : 'read' 'write' 'readreq' 'writereq' 'writeresp'>

State 3 <SV = 2> <Delay = 1.90>
ST_3 : Operation 70 [1/1] (0.00ns)   --->   "%bitcast_ln52 = bitcast i64 %gmem_b_addr_read" [/home/pyx/ProjectFS/Project-X/Project-XPlus/kernels/init_pcg_kernel.cpp:52]   --->   Operation 70 'bitcast' 'bitcast_ln52' <Predicate = (!icmp_ln48)> <Delay = 0.00>
ST_3 : Operation 71 [1/1] (0.00ns)   --->   "%bitcast_ln52_1 = bitcast i64 %gmem_ax_addr_read" [/home/pyx/ProjectFS/Project-X/Project-XPlus/kernels/init_pcg_kernel.cpp:52]   --->   Operation 71 'bitcast' 'bitcast_ln52_1' <Predicate = (!icmp_ln48)> <Delay = 0.00>
ST_3 : Operation 72 [8/8] (1.90ns)   --->   "%r_value = dsub i64 %bitcast_ln52, i64 %bitcast_ln52_1" [/home/pyx/ProjectFS/Project-X/Project-XPlus/kernels/init_pcg_kernel.cpp:52]   --->   Operation 72 'dsub' 'r_value' <Predicate = (!icmp_ln48)> <Delay = 1.90> <CoreInst = "DAddSub_fulldsp">   --->   Core 37 'DAddSub_fulldsp' <Latency = 7> <II = 1> <Delay = 1.90> <FuncUnit> <Opcode : 'dadd' 'dsub'> <InPorts = 2> <OutPorts = 1>

State 4 <SV = 3> <Delay = 1.90>
ST_4 : Operation 73 [7/8] (1.90ns)   --->   "%r_value = dsub i64 %bitcast_ln52, i64 %bitcast_ln52_1" [/home/pyx/ProjectFS/Project-X/Project-XPlus/kernels/init_pcg_kernel.cpp:52]   --->   Operation 73 'dsub' 'r_value' <Predicate = (!icmp_ln48)> <Delay = 1.90> <CoreInst = "DAddSub_fulldsp">   --->   Core 37 'DAddSub_fulldsp' <Latency = 7> <II = 1> <Delay = 1.90> <FuncUnit> <Opcode : 'dadd' 'dsub'> <InPorts = 2> <OutPorts = 1>

State 5 <SV = 4> <Delay = 1.90>
ST_5 : Operation 74 [6/8] (1.90ns)   --->   "%r_value = dsub i64 %bitcast_ln52, i64 %bitcast_ln52_1" [/home/pyx/ProjectFS/Project-X/Project-XPlus/kernels/init_pcg_kernel.cpp:52]   --->   Operation 74 'dsub' 'r_value' <Predicate = (!icmp_ln48)> <Delay = 1.90> <CoreInst = "DAddSub_fulldsp">   --->   Core 37 'DAddSub_fulldsp' <Latency = 7> <II = 1> <Delay = 1.90> <FuncUnit> <Opcode : 'dadd' 'dsub'> <InPorts = 2> <OutPorts = 1>

State 6 <SV = 5> <Delay = 1.90>
ST_6 : Operation 75 [5/8] (1.90ns)   --->   "%r_value = dsub i64 %bitcast_ln52, i64 %bitcast_ln52_1" [/home/pyx/ProjectFS/Project-X/Project-XPlus/kernels/init_pcg_kernel.cpp:52]   --->   Operation 75 'dsub' 'r_value' <Predicate = (!icmp_ln48)> <Delay = 1.90> <CoreInst = "DAddSub_fulldsp">   --->   Core 37 'DAddSub_fulldsp' <Latency = 7> <II = 1> <Delay = 1.90> <FuncUnit> <Opcode : 'dadd' 'dsub'> <InPorts = 2> <OutPorts = 1>

State 7 <SV = 6> <Delay = 2.43>
ST_7 : Operation 76 [1/1] (0.00ns)   --->   "%gmem_minv_addr = getelementptr i64 %gmem_minv, i64 %sext_ln48_2_cast" [/home/pyx/ProjectFS/Project-X/Project-XPlus/kernels/init_pcg_kernel.cpp:48]   --->   Operation 76 'getelementptr' 'gmem_minv_addr' <Predicate = true> <Delay = 0.00>
ST_7 : Operation 77 [4/8] (1.90ns)   --->   "%r_value = dsub i64 %bitcast_ln52, i64 %bitcast_ln52_1" [/home/pyx/ProjectFS/Project-X/Project-XPlus/kernels/init_pcg_kernel.cpp:52]   --->   Operation 77 'dsub' 'r_value' <Predicate = (!icmp_ln48)> <Delay = 1.90> <CoreInst = "DAddSub_fulldsp">   --->   Core 37 'DAddSub_fulldsp' <Latency = 7> <II = 1> <Delay = 1.90> <FuncUnit> <Opcode : 'dadd' 'dsub'> <InPorts = 2> <OutPorts = 1>
ST_7 : Operation 78 [1/1] (2.43ns)   --->   "%gmem_minv_addr_read = read i64 @_ssdm_op_Read.m_axi.p1i64, i64 %gmem_minv_addr" [/home/pyx/ProjectFS/Project-X/Project-XPlus/kernels/init_pcg_kernel.cpp:53]   --->   Operation 78 'read' 'gmem_minv_addr_read' <Predicate = (!icmp_ln48)> <Delay = 2.43> <CoreInst = "m_axi">   --->   Core 121 'm_axi' <Latency = 0> <II = 1> <Delay = 1.00> <Adapter> <Opcode : 'read' 'write' 'readreq' 'writereq' 'writeresp'>

State 8 <SV = 7> <Delay = 1.90>
ST_8 : Operation 79 [3/8] (1.90ns)   --->   "%r_value = dsub i64 %bitcast_ln52, i64 %bitcast_ln52_1" [/home/pyx/ProjectFS/Project-X/Project-XPlus/kernels/init_pcg_kernel.cpp:52]   --->   Operation 79 'dsub' 'r_value' <Predicate = (!icmp_ln48)> <Delay = 1.90> <CoreInst = "DAddSub_fulldsp">   --->   Core 37 'DAddSub_fulldsp' <Latency = 7> <II = 1> <Delay = 1.90> <FuncUnit> <Opcode : 'dadd' 'dsub'> <InPorts = 2> <OutPorts = 1>

State 9 <SV = 8> <Delay = 1.90>
ST_9 : Operation 80 [2/8] (1.90ns)   --->   "%r_value = dsub i64 %bitcast_ln52, i64 %bitcast_ln52_1" [/home/pyx/ProjectFS/Project-X/Project-XPlus/kernels/init_pcg_kernel.cpp:52]   --->   Operation 80 'dsub' 'r_value' <Predicate = (!icmp_ln48)> <Delay = 1.90> <CoreInst = "DAddSub_fulldsp">   --->   Core 37 'DAddSub_fulldsp' <Latency = 7> <II = 1> <Delay = 1.90> <FuncUnit> <Opcode : 'dadd' 'dsub'> <InPorts = 2> <OutPorts = 1>

State 10 <SV = 9> <Delay = 1.90>
ST_10 : Operation 81 [1/8] (1.90ns)   --->   "%r_value = dsub i64 %bitcast_ln52, i64 %bitcast_ln52_1" [/home/pyx/ProjectFS/Project-X/Project-XPlus/kernels/init_pcg_kernel.cpp:52]   --->   Operation 81 'dsub' 'r_value' <Predicate = (!icmp_ln48)> <Delay = 1.90> <CoreInst = "DAddSub_fulldsp">   --->   Core 37 'DAddSub_fulldsp' <Latency = 7> <II = 1> <Delay = 1.90> <FuncUnit> <Opcode : 'dadd' 'dsub'> <InPorts = 2> <OutPorts = 1>

State 11 <SV = 10> <Delay = 2.43>
ST_11 : Operation 82 [1/1] (0.00ns)   --->   "%gmem_r_addr = getelementptr i64 %gmem_r, i64 %sext_ln48_3_cast" [/home/pyx/ProjectFS/Project-X/Project-XPlus/kernels/init_pcg_kernel.cpp:48]   --->   Operation 82 'getelementptr' 'gmem_r_addr' <Predicate = true> <Delay = 0.00>
ST_11 : Operation 83 [1/1] (0.00ns)   --->   "%bitcast_ln53 = bitcast i64 %gmem_minv_addr_read" [/home/pyx/ProjectFS/Project-X/Project-XPlus/kernels/init_pcg_kernel.cpp:53]   --->   Operation 83 'bitcast' 'bitcast_ln53' <Predicate = (!icmp_ln48)> <Delay = 0.00>
ST_11 : Operation 84 [8/8] (2.32ns)   --->   "%z_value = dmul i64 %bitcast_ln53, i64 %r_value" [/home/pyx/ProjectFS/Project-X/Project-XPlus/kernels/init_pcg_kernel.cpp:53]   --->   Operation 84 'dmul' 'z_value' <Predicate = (!icmp_ln48)> <Delay = 2.32> <CoreInst = "DMul_maxdsp">   --->   Core 49 'DMul_maxdsp' <Latency = 7> <II = 1> <Delay = 2.32> <FuncUnit> <Opcode : 'dmul'> <InPorts = 2> <OutPorts = 1>
ST_11 : Operation 85 [1/1] (0.00ns)   --->   "%bitcast_ln54 = bitcast i64 %r_value" [/home/pyx/ProjectFS/Project-X/Project-XPlus/kernels/init_pcg_kernel.cpp:54]   --->   Operation 85 'bitcast' 'bitcast_ln54' <Predicate = (!icmp_ln48)> <Delay = 0.00>
ST_11 : Operation 86 [1/1] (2.43ns)   --->   "%write_ln54 = write void @_ssdm_op_Write.m_axi.p1i64, i64 %gmem_r_addr, i64 %bitcast_ln54, i8 255" [/home/pyx/ProjectFS/Project-X/Project-XPlus/kernels/init_pcg_kernel.cpp:54]   --->   Operation 86 'write' 'write_ln54' <Predicate = (!icmp_ln48)> <Delay = 2.43> <CoreInst = "m_axi">   --->   Core 121 'm_axi' <Latency = 0> <II = 1> <Delay = 1.00> <Adapter> <Opcode : 'read' 'write' 'readreq' 'writereq' 'writeresp'>

State 12 <SV = 11> <Delay = 2.32>
ST_12 : Operation 87 [7/8] (2.32ns)   --->   "%z_value = dmul i64 %bitcast_ln53, i64 %r_value" [/home/pyx/ProjectFS/Project-X/Project-XPlus/kernels/init_pcg_kernel.cpp:53]   --->   Operation 87 'dmul' 'z_value' <Predicate = (!icmp_ln48)> <Delay = 2.32> <CoreInst = "DMul_maxdsp">   --->   Core 49 'DMul_maxdsp' <Latency = 7> <II = 1> <Delay = 2.32> <FuncUnit> <Opcode : 'dmul'> <InPorts = 2> <OutPorts = 1>
ST_12 : Operation 88 [8/8] (2.32ns)   --->   "%mul1 = dmul i64 %r_value, i64 %r_value" [/home/pyx/ProjectFS/Project-X/Project-XPlus/kernels/init_pcg_kernel.cpp:58]   --->   Operation 88 'dmul' 'mul1' <Predicate = (!icmp_ln48)> <Delay = 2.32> <CoreInst = "DMul_maxdsp">   --->   Core 49 'DMul_maxdsp' <Latency = 7> <II = 1> <Delay = 2.32> <FuncUnit> <Opcode : 'dmul'> <InPorts = 2> <OutPorts = 1>

State 13 <SV = 12> <Delay = 2.32>
ST_13 : Operation 89 [6/8] (2.32ns)   --->   "%z_value = dmul i64 %bitcast_ln53, i64 %r_value" [/home/pyx/ProjectFS/Project-X/Project-XPlus/kernels/init_pcg_kernel.cpp:53]   --->   Operation 89 'dmul' 'z_value' <Predicate = (!icmp_ln48)> <Delay = 2.32> <CoreInst = "DMul_maxdsp">   --->   Core 49 'DMul_maxdsp' <Latency = 7> <II = 1> <Delay = 2.32> <FuncUnit> <Opcode : 'dmul'> <InPorts = 2> <OutPorts = 1>
ST_13 : Operation 90 [7/8] (2.32ns)   --->   "%mul1 = dmul i64 %r_value, i64 %r_value" [/home/pyx/ProjectFS/Project-X/Project-XPlus/kernels/init_pcg_kernel.cpp:58]   --->   Operation 90 'dmul' 'mul1' <Predicate = (!icmp_ln48)> <Delay = 2.32> <CoreInst = "DMul_maxdsp">   --->   Core 49 'DMul_maxdsp' <Latency = 7> <II = 1> <Delay = 2.32> <FuncUnit> <Opcode : 'dmul'> <InPorts = 2> <OutPorts = 1>

State 14 <SV = 13> <Delay = 2.32>
ST_14 : Operation 91 [5/8] (2.32ns)   --->   "%z_value = dmul i64 %bitcast_ln53, i64 %r_value" [/home/pyx/ProjectFS/Project-X/Project-XPlus/kernels/init_pcg_kernel.cpp:53]   --->   Operation 91 'dmul' 'z_value' <Predicate = (!icmp_ln48)> <Delay = 2.32> <CoreInst = "DMul_maxdsp">   --->   Core 49 'DMul_maxdsp' <Latency = 7> <II = 1> <Delay = 2.32> <FuncUnit> <Opcode : 'dmul'> <InPorts = 2> <OutPorts = 1>
ST_14 : Operation 92 [6/8] (2.32ns)   --->   "%mul1 = dmul i64 %r_value, i64 %r_value" [/home/pyx/ProjectFS/Project-X/Project-XPlus/kernels/init_pcg_kernel.cpp:58]   --->   Operation 92 'dmul' 'mul1' <Predicate = (!icmp_ln48)> <Delay = 2.32> <CoreInst = "DMul_maxdsp">   --->   Core 49 'DMul_maxdsp' <Latency = 7> <II = 1> <Delay = 2.32> <FuncUnit> <Opcode : 'dmul'> <InPorts = 2> <OutPorts = 1>

State 15 <SV = 14> <Delay = 2.32>
ST_15 : Operation 93 [4/8] (2.32ns)   --->   "%z_value = dmul i64 %bitcast_ln53, i64 %r_value" [/home/pyx/ProjectFS/Project-X/Project-XPlus/kernels/init_pcg_kernel.cpp:53]   --->   Operation 93 'dmul' 'z_value' <Predicate = (!icmp_ln48)> <Delay = 2.32> <CoreInst = "DMul_maxdsp">   --->   Core 49 'DMul_maxdsp' <Latency = 7> <II = 1> <Delay = 2.32> <FuncUnit> <Opcode : 'dmul'> <InPorts = 2> <OutPorts = 1>
ST_15 : Operation 94 [5/8] (2.32ns)   --->   "%mul1 = dmul i64 %r_value, i64 %r_value" [/home/pyx/ProjectFS/Project-X/Project-XPlus/kernels/init_pcg_kernel.cpp:58]   --->   Operation 94 'dmul' 'mul1' <Predicate = (!icmp_ln48)> <Delay = 2.32> <CoreInst = "DMul_maxdsp">   --->   Core 49 'DMul_maxdsp' <Latency = 7> <II = 1> <Delay = 2.32> <FuncUnit> <Opcode : 'dmul'> <InPorts = 2> <OutPorts = 1>

State 16 <SV = 15> <Delay = 2.32>
ST_16 : Operation 95 [3/8] (2.32ns)   --->   "%z_value = dmul i64 %bitcast_ln53, i64 %r_value" [/home/pyx/ProjectFS/Project-X/Project-XPlus/kernels/init_pcg_kernel.cpp:53]   --->   Operation 95 'dmul' 'z_value' <Predicate = (!icmp_ln48)> <Delay = 2.32> <CoreInst = "DMul_maxdsp">   --->   Core 49 'DMul_maxdsp' <Latency = 7> <II = 1> <Delay = 2.32> <FuncUnit> <Opcode : 'dmul'> <InPorts = 2> <OutPorts = 1>
ST_16 : Operation 96 [4/8] (2.32ns)   --->   "%mul1 = dmul i64 %r_value, i64 %r_value" [/home/pyx/ProjectFS/Project-X/Project-XPlus/kernels/init_pcg_kernel.cpp:58]   --->   Operation 96 'dmul' 'mul1' <Predicate = (!icmp_ln48)> <Delay = 2.32> <CoreInst = "DMul_maxdsp">   --->   Core 49 'DMul_maxdsp' <Latency = 7> <II = 1> <Delay = 2.32> <FuncUnit> <Opcode : 'dmul'> <InPorts = 2> <OutPorts = 1>

State 17 <SV = 16> <Delay = 2.32>
ST_17 : Operation 97 [2/8] (2.32ns)   --->   "%z_value = dmul i64 %bitcast_ln53, i64 %r_value" [/home/pyx/ProjectFS/Project-X/Project-XPlus/kernels/init_pcg_kernel.cpp:53]   --->   Operation 97 'dmul' 'z_value' <Predicate = (!icmp_ln48)> <Delay = 2.32> <CoreInst = "DMul_maxdsp">   --->   Core 49 'DMul_maxdsp' <Latency = 7> <II = 1> <Delay = 2.32> <FuncUnit> <Opcode : 'dmul'> <InPorts = 2> <OutPorts = 1>
ST_17 : Operation 98 [3/8] (2.32ns)   --->   "%mul1 = dmul i64 %r_value, i64 %r_value" [/home/pyx/ProjectFS/Project-X/Project-XPlus/kernels/init_pcg_kernel.cpp:58]   --->   Operation 98 'dmul' 'mul1' <Predicate = (!icmp_ln48)> <Delay = 2.32> <CoreInst = "DMul_maxdsp">   --->   Core 49 'DMul_maxdsp' <Latency = 7> <II = 1> <Delay = 2.32> <FuncUnit> <Opcode : 'dmul'> <InPorts = 2> <OutPorts = 1>

State 18 <SV = 17> <Delay = 2.32>
ST_18 : Operation 99 [1/8] (2.32ns)   --->   "%z_value = dmul i64 %bitcast_ln53, i64 %r_value" [/home/pyx/ProjectFS/Project-X/Project-XPlus/kernels/init_pcg_kernel.cpp:53]   --->   Operation 99 'dmul' 'z_value' <Predicate = (!icmp_ln48)> <Delay = 2.32> <CoreInst = "DMul_maxdsp">   --->   Core 49 'DMul_maxdsp' <Latency = 7> <II = 1> <Delay = 2.32> <FuncUnit> <Opcode : 'dmul'> <InPorts = 2> <OutPorts = 1>
ST_18 : Operation 100 [2/8] (2.32ns)   --->   "%mul1 = dmul i64 %r_value, i64 %r_value" [/home/pyx/ProjectFS/Project-X/Project-XPlus/kernels/init_pcg_kernel.cpp:58]   --->   Operation 100 'dmul' 'mul1' <Predicate = (!icmp_ln48)> <Delay = 2.32> <CoreInst = "DMul_maxdsp">   --->   Core 49 'DMul_maxdsp' <Latency = 7> <II = 1> <Delay = 2.32> <FuncUnit> <Opcode : 'dmul'> <InPorts = 2> <OutPorts = 1>

State 19 <SV = 18> <Delay = 2.43>
ST_19 : Operation 101 [1/1] (0.00ns)   --->   "%specbitsmap_ln0 = specbitsmap void @_ssdm_op_SpecBitsMap, i64 %gmem_p"   --->   Operation 101 'specbitsmap' 'specbitsmap_ln0' <Predicate = true> <Delay = 0.00>
ST_19 : Operation 102 [1/1] (0.00ns)   --->   "%specbitsmap_ln0 = specbitsmap void @_ssdm_op_SpecBitsMap, i64 %gmem_z"   --->   Operation 102 'specbitsmap' 'specbitsmap_ln0' <Predicate = true> <Delay = 0.00>
ST_19 : Operation 103 [1/1] (0.00ns)   --->   "%specbitsmap_ln0 = specbitsmap void @_ssdm_op_SpecBitsMap, i64 %gmem_r"   --->   Operation 103 'specbitsmap' 'specbitsmap_ln0' <Predicate = true> <Delay = 0.00>
ST_19 : Operation 104 [1/1] (0.00ns)   --->   "%specbitsmap_ln0 = specbitsmap void @_ssdm_op_SpecBitsMap, i64 %gmem_minv"   --->   Operation 104 'specbitsmap' 'specbitsmap_ln0' <Predicate = true> <Delay = 0.00>
ST_19 : Operation 105 [1/1] (0.00ns)   --->   "%specbitsmap_ln0 = specbitsmap void @_ssdm_op_SpecBitsMap, i64 %gmem_ax"   --->   Operation 105 'specbitsmap' 'specbitsmap_ln0' <Predicate = true> <Delay = 0.00>
ST_19 : Operation 106 [1/1] (0.00ns)   --->   "%specbitsmap_ln0 = specbitsmap void @_ssdm_op_SpecBitsMap, i64 %gmem_b"   --->   Operation 106 'specbitsmap' 'specbitsmap_ln0' <Predicate = true> <Delay = 0.00>
ST_19 : Operation 107 [1/1] (0.00ns)   --->   "%gmem_p_addr = getelementptr i64 %gmem_p, i64 %sext_ln48_5_cast" [/home/pyx/ProjectFS/Project-X/Project-XPlus/kernels/init_pcg_kernel.cpp:48]   --->   Operation 107 'getelementptr' 'gmem_p_addr' <Predicate = true> <Delay = 0.00>
ST_19 : Operation 108 [1/1] (0.00ns)   --->   "%gmem_z_addr = getelementptr i64 %gmem_z, i64 %sext_ln48_4_cast" [/home/pyx/ProjectFS/Project-X/Project-XPlus/kernels/init_pcg_kernel.cpp:48]   --->   Operation 108 'getelementptr' 'gmem_z_addr' <Predicate = true> <Delay = 0.00>
ST_19 : Operation 109 [1/1] (0.00ns)   --->   "%empty = speclooptripcount i32 @_ssdm_op_SpecLoopTripCount, i64 1, i64 18446744073709551615, i64 0"   --->   Operation 109 'speclooptripcount' 'empty' <Predicate = true> <Delay = 0.00>
ST_19 : Operation 110 [1/1] (0.00ns)   --->   "%bitcast_ln55 = bitcast i64 %z_value" [/home/pyx/ProjectFS/Project-X/Project-XPlus/kernels/init_pcg_kernel.cpp:55]   --->   Operation 110 'bitcast' 'bitcast_ln55' <Predicate = (!icmp_ln48)> <Delay = 0.00>
ST_19 : Operation 111 [1/1] (2.43ns)   --->   "%write_ln55 = write void @_ssdm_op_Write.m_axi.p1i64, i64 %gmem_z_addr, i64 %bitcast_ln55, i8 255" [/home/pyx/ProjectFS/Project-X/Project-XPlus/kernels/init_pcg_kernel.cpp:55]   --->   Operation 111 'write' 'write_ln55' <Predicate = (!icmp_ln48)> <Delay = 2.43> <CoreInst = "m_axi">   --->   Core 121 'm_axi' <Latency = 0> <II = 1> <Delay = 1.00> <Adapter> <Opcode : 'read' 'write' 'readreq' 'writereq' 'writeresp'>
ST_19 : Operation 112 [1/1] (2.43ns)   --->   "%write_ln56 = write void @_ssdm_op_Write.m_axi.p1i64, i64 %gmem_p_addr, i64 %bitcast_ln55, i8 255" [/home/pyx/ProjectFS/Project-X/Project-XPlus/kernels/init_pcg_kernel.cpp:56]   --->   Operation 112 'write' 'write_ln56' <Predicate = (!icmp_ln48)> <Delay = 2.43> <CoreInst = "m_axi">   --->   Core 121 'm_axi' <Latency = 0> <II = 1> <Delay = 1.00> <Adapter> <Opcode : 'read' 'write' 'readreq' 'writereq' 'writeresp'>
ST_19 : Operation 113 [8/8] (2.32ns)   --->   "%mul = dmul i64 %r_value, i64 %z_value" [/home/pyx/ProjectFS/Project-X/Project-XPlus/kernels/init_pcg_kernel.cpp:57]   --->   Operation 113 'dmul' 'mul' <Predicate = (!icmp_ln48)> <Delay = 2.32> <CoreInst = "DMul_maxdsp">   --->   Core 49 'DMul_maxdsp' <Latency = 7> <II = 1> <Delay = 2.32> <FuncUnit> <Opcode : 'dmul'> <InPorts = 2> <OutPorts = 1>
ST_19 : Operation 114 [1/8] (2.32ns)   --->   "%mul1 = dmul i64 %r_value, i64 %r_value" [/home/pyx/ProjectFS/Project-X/Project-XPlus/kernels/init_pcg_kernel.cpp:58]   --->   Operation 114 'dmul' 'mul1' <Predicate = (!icmp_ln48)> <Delay = 2.32> <CoreInst = "DMul_maxdsp">   --->   Core 49 'DMul_maxdsp' <Latency = 7> <II = 1> <Delay = 2.32> <FuncUnit> <Opcode : 'dmul'> <InPorts = 2> <OutPorts = 1>

State 20 <SV = 19> <Delay = 2.32>
ST_20 : Operation 115 [1/1] (0.00ns)   --->   "%rr_load = load i64 %rr" [/home/pyx/ProjectFS/Project-X/Project-XPlus/kernels/init_pcg_kernel.cpp:58]   --->   Operation 115 'load' 'rr_load' <Predicate = (!icmp_ln48)> <Delay = 0.00>
ST_20 : Operation 116 [7/8] (2.32ns)   --->   "%mul = dmul i64 %r_value, i64 %z_value" [/home/pyx/ProjectFS/Project-X/Project-XPlus/kernels/init_pcg_kernel.cpp:57]   --->   Operation 116 'dmul' 'mul' <Predicate = (!icmp_ln48)> <Delay = 2.32> <CoreInst = "DMul_maxdsp">   --->   Core 49 'DMul_maxdsp' <Latency = 7> <II = 1> <Delay = 2.32> <FuncUnit> <Opcode : 'dmul'> <InPorts = 2> <OutPorts = 1>
ST_20 : Operation 117 [6/6] (1.97ns)   --->   "%rr_1 = dadd i64 %rr_load, i64 %mul1" [/home/pyx/ProjectFS/Project-X/Project-XPlus/kernels/init_pcg_kernel.cpp:58]   --->   Operation 117 'dadd' 'rr_1' <Predicate = (!icmp_ln48)> <Delay = 1.97> <CoreInst = "DAddSub_nodsp">   --->   Core 36 'DAddSub_nodsp' <Latency = 5> <II = 1> <Delay = 1.97> <FuncUnit> <Opcode : 'dadd' 'dsub'> <InPorts = 2> <OutPorts = 1>

State 21 <SV = 20> <Delay = 2.32>
ST_21 : Operation 118 [6/8] (2.32ns)   --->   "%mul = dmul i64 %r_value, i64 %z_value" [/home/pyx/ProjectFS/Project-X/Project-XPlus/kernels/init_pcg_kernel.cpp:57]   --->   Operation 118 'dmul' 'mul' <Predicate = true> <Delay = 2.32> <CoreInst = "DMul_maxdsp">   --->   Core 49 'DMul_maxdsp' <Latency = 7> <II = 1> <Delay = 2.32> <FuncUnit> <Opcode : 'dmul'> <InPorts = 2> <OutPorts = 1>
ST_21 : Operation 119 [5/6] (1.97ns)   --->   "%rr_1 = dadd i64 %rr_load, i64 %mul1" [/home/pyx/ProjectFS/Project-X/Project-XPlus/kernels/init_pcg_kernel.cpp:58]   --->   Operation 119 'dadd' 'rr_1' <Predicate = true> <Delay = 1.97> <CoreInst = "DAddSub_nodsp">   --->   Core 36 'DAddSub_nodsp' <Latency = 5> <II = 1> <Delay = 1.97> <FuncUnit> <Opcode : 'dadd' 'dsub'> <InPorts = 2> <OutPorts = 1>

State 22 <SV = 21> <Delay = 2.32>
ST_22 : Operation 120 [5/8] (2.32ns)   --->   "%mul = dmul i64 %r_value, i64 %z_value" [/home/pyx/ProjectFS/Project-X/Project-XPlus/kernels/init_pcg_kernel.cpp:57]   --->   Operation 120 'dmul' 'mul' <Predicate = true> <Delay = 2.32> <CoreInst = "DMul_maxdsp">   --->   Core 49 'DMul_maxdsp' <Latency = 7> <II = 1> <Delay = 2.32> <FuncUnit> <Opcode : 'dmul'> <InPorts = 2> <OutPorts = 1>
ST_22 : Operation 121 [4/6] (1.97ns)   --->   "%rr_1 = dadd i64 %rr_load, i64 %mul1" [/home/pyx/ProjectFS/Project-X/Project-XPlus/kernels/init_pcg_kernel.cpp:58]   --->   Operation 121 'dadd' 'rr_1' <Predicate = true> <Delay = 1.97> <CoreInst = "DAddSub_nodsp">   --->   Core 36 'DAddSub_nodsp' <Latency = 5> <II = 1> <Delay = 1.97> <FuncUnit> <Opcode : 'dadd' 'dsub'> <InPorts = 2> <OutPorts = 1>

State 23 <SV = 22> <Delay = 2.32>
ST_23 : Operation 122 [4/8] (2.32ns)   --->   "%mul = dmul i64 %r_value, i64 %z_value" [/home/pyx/ProjectFS/Project-X/Project-XPlus/kernels/init_pcg_kernel.cpp:57]   --->   Operation 122 'dmul' 'mul' <Predicate = true> <Delay = 2.32> <CoreInst = "DMul_maxdsp">   --->   Core 49 'DMul_maxdsp' <Latency = 7> <II = 1> <Delay = 2.32> <FuncUnit> <Opcode : 'dmul'> <InPorts = 2> <OutPorts = 1>
ST_23 : Operation 123 [3/6] (1.97ns)   --->   "%rr_1 = dadd i64 %rr_load, i64 %mul1" [/home/pyx/ProjectFS/Project-X/Project-XPlus/kernels/init_pcg_kernel.cpp:58]   --->   Operation 123 'dadd' 'rr_1' <Predicate = true> <Delay = 1.97> <CoreInst = "DAddSub_nodsp">   --->   Core 36 'DAddSub_nodsp' <Latency = 5> <II = 1> <Delay = 1.97> <FuncUnit> <Opcode : 'dadd' 'dsub'> <InPorts = 2> <OutPorts = 1>

State 24 <SV = 23> <Delay = 2.32>
ST_24 : Operation 124 [3/8] (2.32ns)   --->   "%mul = dmul i64 %r_value, i64 %z_value" [/home/pyx/ProjectFS/Project-X/Project-XPlus/kernels/init_pcg_kernel.cpp:57]   --->   Operation 124 'dmul' 'mul' <Predicate = true> <Delay = 2.32> <CoreInst = "DMul_maxdsp">   --->   Core 49 'DMul_maxdsp' <Latency = 7> <II = 1> <Delay = 2.32> <FuncUnit> <Opcode : 'dmul'> <InPorts = 2> <OutPorts = 1>
ST_24 : Operation 125 [2/6] (1.97ns)   --->   "%rr_1 = dadd i64 %rr_load, i64 %mul1" [/home/pyx/ProjectFS/Project-X/Project-XPlus/kernels/init_pcg_kernel.cpp:58]   --->   Operation 125 'dadd' 'rr_1' <Predicate = true> <Delay = 1.97> <CoreInst = "DAddSub_nodsp">   --->   Core 36 'DAddSub_nodsp' <Latency = 5> <II = 1> <Delay = 1.97> <FuncUnit> <Opcode : 'dadd' 'dsub'> <InPorts = 2> <OutPorts = 1>

State 25 <SV = 24> <Delay = 2.36>
ST_25 : Operation 126 [2/8] (2.32ns)   --->   "%mul = dmul i64 %r_value, i64 %z_value" [/home/pyx/ProjectFS/Project-X/Project-XPlus/kernels/init_pcg_kernel.cpp:57]   --->   Operation 126 'dmul' 'mul' <Predicate = true> <Delay = 2.32> <CoreInst = "DMul_maxdsp">   --->   Core 49 'DMul_maxdsp' <Latency = 7> <II = 1> <Delay = 2.32> <FuncUnit> <Opcode : 'dmul'> <InPorts = 2> <OutPorts = 1>
ST_25 : Operation 127 [1/6] (1.97ns)   --->   "%rr_1 = dadd i64 %rr_load, i64 %mul1" [/home/pyx/ProjectFS/Project-X/Project-XPlus/kernels/init_pcg_kernel.cpp:58]   --->   Operation 127 'dadd' 'rr_1' <Predicate = true> <Delay = 1.97> <CoreInst = "DAddSub_nodsp">   --->   Core 36 'DAddSub_nodsp' <Latency = 5> <II = 1> <Delay = 1.97> <FuncUnit> <Opcode : 'dadd' 'dsub'> <InPorts = 2> <OutPorts = 1>
ST_25 : Operation 128 [1/1] (0.38ns)   --->   "%store_ln48 = store i64 %rr_1, i64 %rr" [/home/pyx/ProjectFS/Project-X/Project-XPlus/kernels/init_pcg_kernel.cpp:48]   --->   Operation 128 'store' 'store_ln48' <Predicate = true> <Delay = 0.38>

State 26 <SV = 25> <Delay = 2.32>
ST_26 : Operation 129 [1/8] (2.32ns)   --->   "%mul = dmul i64 %r_value, i64 %z_value" [/home/pyx/ProjectFS/Project-X/Project-XPlus/kernels/init_pcg_kernel.cpp:57]   --->   Operation 129 'dmul' 'mul' <Predicate = true> <Delay = 2.32> <CoreInst = "DMul_maxdsp">   --->   Core 49 'DMul_maxdsp' <Latency = 7> <II = 1> <Delay = 2.32> <FuncUnit> <Opcode : 'dmul'> <InPorts = 2> <OutPorts = 1>

State 27 <SV = 26> <Delay = 1.97>
ST_27 : Operation 130 [1/1] (0.00ns)   --->   "%rz_load = load i64 %rz" [/home/pyx/ProjectFS/Project-X/Project-XPlus/kernels/init_pcg_kernel.cpp:57]   --->   Operation 130 'load' 'rz_load' <Predicate = true> <Delay = 0.00>
ST_27 : Operation 131 [6/6] (1.97ns)   --->   "%rz_1 = dadd i64 %rz_load, i64 %mul" [/home/pyx/ProjectFS/Project-X/Project-XPlus/kernels/init_pcg_kernel.cpp:57]   --->   Operation 131 'dadd' 'rz_1' <Predicate = true> <Delay = 1.97> <CoreInst = "DAddSub_nodsp">   --->   Core 36 'DAddSub_nodsp' <Latency = 5> <II = 1> <Delay = 1.97> <FuncUnit> <Opcode : 'dadd' 'dsub'> <InPorts = 2> <OutPorts = 1>
ST_27 : Operation 141 [1/1] (0.00ns)   --->   "%rz_load_1 = load i64 %rz"   --->   Operation 141 'load' 'rz_load_1' <Predicate = (icmp_ln48)> <Delay = 0.00>
ST_27 : Operation 142 [1/1] (0.00ns)   --->   "%rr_load_1 = load i64 %rr"   --->   Operation 142 'load' 'rr_load_1' <Predicate = (icmp_ln48)> <Delay = 0.00>
ST_27 : Operation 143 [1/1] (0.00ns)   --->   "%write_ln0 = write void @_ssdm_op_Write.ap_auto.doubleP0A, i64 %rr_out, i64 %rr_load_1"   --->   Operation 143 'write' 'write_ln0' <Predicate = (icmp_ln48)> <Delay = 0.00>
ST_27 : Operation 144 [1/1] (0.00ns)   --->   "%write_ln0 = write void @_ssdm_op_Write.ap_auto.doubleP0A, i64 %rz_out, i64 %rz_load_1"   --->   Operation 144 'write' 'write_ln0' <Predicate = (icmp_ln48)> <Delay = 0.00>
ST_27 : Operation 145 [1/1] (0.00ns)   --->   "%ret_ln0 = ret"   --->   Operation 145 'ret' 'ret_ln0' <Predicate = (icmp_ln48)> <Delay = 0.00>

State 28 <SV = 27> <Delay = 1.97>
ST_28 : Operation 132 [5/6] (1.97ns)   --->   "%rz_1 = dadd i64 %rz_load, i64 %mul" [/home/pyx/ProjectFS/Project-X/Project-XPlus/kernels/init_pcg_kernel.cpp:57]   --->   Operation 132 'dadd' 'rz_1' <Predicate = true> <Delay = 1.97> <CoreInst = "DAddSub_nodsp">   --->   Core 36 'DAddSub_nodsp' <Latency = 5> <II = 1> <Delay = 1.97> <FuncUnit> <Opcode : 'dadd' 'dsub'> <InPorts = 2> <OutPorts = 1>

State 29 <SV = 28> <Delay = 1.97>
ST_29 : Operation 133 [4/6] (1.97ns)   --->   "%rz_1 = dadd i64 %rz_load, i64 %mul" [/home/pyx/ProjectFS/Project-X/Project-XPlus/kernels/init_pcg_kernel.cpp:57]   --->   Operation 133 'dadd' 'rz_1' <Predicate = true> <Delay = 1.97> <CoreInst = "DAddSub_nodsp">   --->   Core 36 'DAddSub_nodsp' <Latency = 5> <II = 1> <Delay = 1.97> <FuncUnit> <Opcode : 'dadd' 'dsub'> <InPorts = 2> <OutPorts = 1>

State 30 <SV = 29> <Delay = 1.97>
ST_30 : Operation 134 [3/6] (1.97ns)   --->   "%rz_1 = dadd i64 %rz_load, i64 %mul" [/home/pyx/ProjectFS/Project-X/Project-XPlus/kernels/init_pcg_kernel.cpp:57]   --->   Operation 134 'dadd' 'rz_1' <Predicate = true> <Delay = 1.97> <CoreInst = "DAddSub_nodsp">   --->   Core 36 'DAddSub_nodsp' <Latency = 5> <II = 1> <Delay = 1.97> <FuncUnit> <Opcode : 'dadd' 'dsub'> <InPorts = 2> <OutPorts = 1>

State 31 <SV = 30> <Delay = 1.97>
ST_31 : Operation 135 [2/6] (1.97ns)   --->   "%rz_1 = dadd i64 %rz_load, i64 %mul" [/home/pyx/ProjectFS/Project-X/Project-XPlus/kernels/init_pcg_kernel.cpp:57]   --->   Operation 135 'dadd' 'rz_1' <Predicate = true> <Delay = 1.97> <CoreInst = "DAddSub_nodsp">   --->   Core 36 'DAddSub_nodsp' <Latency = 5> <II = 1> <Delay = 1.97> <FuncUnit> <Opcode : 'dadd' 'dsub'> <InPorts = 2> <OutPorts = 1>

State 32 <SV = 31> <Delay = 2.36>
ST_32 : Operation 136 [1/1] (0.00ns)   --->   "%specpipeline_ln49 = specpipeline void @_ssdm_op_SpecPipeline, i32 1, i32 0, i32 0, i32 0, void @empty_0" [/home/pyx/ProjectFS/Project-X/Project-XPlus/kernels/init_pcg_kernel.cpp:49]   --->   Operation 136 'specpipeline' 'specpipeline_ln49' <Predicate = true> <Delay = 0.00>
ST_32 : Operation 137 [1/1] (0.00ns)   --->   "%specloopname_ln44 = specloopname void @_ssdm_op_SpecLoopName, void @empty_23" [/home/pyx/ProjectFS/Project-X/Project-XPlus/kernels/init_pcg_kernel.cpp:44]   --->   Operation 137 'specloopname' 'specloopname_ln44' <Predicate = true> <Delay = 0.00>
ST_32 : Operation 138 [1/6] (1.97ns)   --->   "%rz_1 = dadd i64 %rz_load, i64 %mul" [/home/pyx/ProjectFS/Project-X/Project-XPlus/kernels/init_pcg_kernel.cpp:57]   --->   Operation 138 'dadd' 'rz_1' <Predicate = true> <Delay = 1.97> <CoreInst = "DAddSub_nodsp">   --->   Core 36 'DAddSub_nodsp' <Latency = 5> <II = 1> <Delay = 1.97> <FuncUnit> <Opcode : 'dadd' 'dsub'> <InPorts = 2> <OutPorts = 1>
ST_32 : Operation 139 [1/1] (0.38ns)   --->   "%store_ln48 = store i64 %rz_1, i64 %rz" [/home/pyx/ProjectFS/Project-X/Project-XPlus/kernels/init_pcg_kernel.cpp:48]   --->   Operation 139 'store' 'store_ln48' <Predicate = true> <Delay = 0.38>
ST_32 : Operation 140 [1/1] (0.00ns)   --->   "%br_ln48 = br void %for.inc" [/home/pyx/ProjectFS/Project-X/Project-XPlus/kernels/init_pcg_kernel.cpp:48]   --->   Operation 140 'br' 'br_ln48' <Predicate = true> <Delay = 0.00>


============================================================
+ Verbose Summary: Timing violations
============================================================
Target clock period: 3.33ns, clock uncertainty: 0.9ns.

 <State 1>: 1.12ns
The critical path consists of the following:
	'alloca' operation ('index') [18]  (0 ns)
	'load' operation ('index', /home/pyx/ProjectFS/Project-X/Project-XPlus/kernels/init_pcg_kernel.cpp:48) on local variable 'index' [43]  (0 ns)
	'add' operation ('add_ln48', /home/pyx/ProjectFS/Project-X/Project-XPlus/kernels/init_pcg_kernel.cpp:48) [58]  (0.735 ns)
	'store' operation ('store_ln48', /home/pyx/ProjectFS/Project-X/Project-XPlus/kernels/init_pcg_kernel.cpp:48) of variable 'add_ln48', /home/pyx/ProjectFS/Project-X/Project-XPlus/kernels/init_pcg_kernel.cpp:48 on local variable 'index' [82]  (0.387 ns)

 <State 2>: 2.43ns
The critical path consists of the following:
	'getelementptr' operation ('gmem_b_addr', /home/pyx/ProjectFS/Project-X/Project-XPlus/kernels/init_pcg_kernel.cpp:48) [55]  (0 ns)
	bus read operation ('gmem_b_addr_read', /home/pyx/ProjectFS/Project-X/Project-XPlus/kernels/init_pcg_kernel.cpp:52) on port 'gmem_b' (/home/pyx/ProjectFS/Project-X/Project-XPlus/kernels/init_pcg_kernel.cpp:52) [65]  (2.43 ns)

 <State 3>: 1.91ns
The critical path consists of the following:
	'dsub' operation ('r_value', /home/pyx/ProjectFS/Project-X/Project-XPlus/kernels/init_pcg_kernel.cpp:52) [69]  (1.91 ns)

 <State 4>: 1.91ns
The critical path consists of the following:
	'dsub' operation ('r_value', /home/pyx/ProjectFS/Project-X/Project-XPlus/kernels/init_pcg_kernel.cpp:52) [69]  (1.91 ns)

 <State 5>: 1.91ns
The critical path consists of the following:
	'dsub' operation ('r_value', /home/pyx/ProjectFS/Project-X/Project-XPlus/kernels/init_pcg_kernel.cpp:52) [69]  (1.91 ns)

 <State 6>: 1.91ns
The critical path consists of the following:
	'dsub' operation ('r_value', /home/pyx/ProjectFS/Project-X/Project-XPlus/kernels/init_pcg_kernel.cpp:52) [69]  (1.91 ns)

 <State 7>: 2.43ns
The critical path consists of the following:
	'getelementptr' operation ('gmem_minv_addr', /home/pyx/ProjectFS/Project-X/Project-XPlus/kernels/init_pcg_kernel.cpp:48) [53]  (0 ns)
	bus read operation ('gmem_minv_addr_read', /home/pyx/ProjectFS/Project-X/Project-XPlus/kernels/init_pcg_kernel.cpp:53) on port 'gmem_minv' (/home/pyx/ProjectFS/Project-X/Project-XPlus/kernels/init_pcg_kernel.cpp:53) [70]  (2.43 ns)

 <State 8>: 1.91ns
The critical path consists of the following:
	'dsub' operation ('r_value', /home/pyx/ProjectFS/Project-X/Project-XPlus/kernels/init_pcg_kernel.cpp:52) [69]  (1.91 ns)

 <State 9>: 1.91ns
The critical path consists of the following:
	'dsub' operation ('r_value', /home/pyx/ProjectFS/Project-X/Project-XPlus/kernels/init_pcg_kernel.cpp:52) [69]  (1.91 ns)

 <State 10>: 1.91ns
The critical path consists of the following:
	'dsub' operation ('r_value', /home/pyx/ProjectFS/Project-X/Project-XPlus/kernels/init_pcg_kernel.cpp:52) [69]  (1.91 ns)

 <State 11>: 2.43ns
The critical path consists of the following:
	'getelementptr' operation ('gmem_r_addr', /home/pyx/ProjectFS/Project-X/Project-XPlus/kernels/init_pcg_kernel.cpp:48) [52]  (0 ns)
	bus write operation ('write_ln54', /home/pyx/ProjectFS/Project-X/Project-XPlus/kernels/init_pcg_kernel.cpp:54) on port 'gmem_r' (/home/pyx/ProjectFS/Project-X/Project-XPlus/kernels/init_pcg_kernel.cpp:54) [74]  (2.43 ns)

 <State 12>: 2.32ns
The critical path consists of the following:
	'dmul' operation ('z_value', /home/pyx/ProjectFS/Project-X/Project-XPlus/kernels/init_pcg_kernel.cpp:53) [72]  (2.32 ns)

 <State 13>: 2.32ns
The critical path consists of the following:
	'dmul' operation ('z_value', /home/pyx/ProjectFS/Project-X/Project-XPlus/kernels/init_pcg_kernel.cpp:53) [72]  (2.32 ns)

 <State 14>: 2.32ns
The critical path consists of the following:
	'dmul' operation ('z_value', /home/pyx/ProjectFS/Project-X/Project-XPlus/kernels/init_pcg_kernel.cpp:53) [72]  (2.32 ns)

 <State 15>: 2.32ns
The critical path consists of the following:
	'dmul' operation ('z_value', /home/pyx/ProjectFS/Project-X/Project-XPlus/kernels/init_pcg_kernel.cpp:53) [72]  (2.32 ns)

 <State 16>: 2.32ns
The critical path consists of the following:
	'dmul' operation ('z_value', /home/pyx/ProjectFS/Project-X/Project-XPlus/kernels/init_pcg_kernel.cpp:53) [72]  (2.32 ns)

 <State 17>: 2.32ns
The critical path consists of the following:
	'dmul' operation ('z_value', /home/pyx/ProjectFS/Project-X/Project-XPlus/kernels/init_pcg_kernel.cpp:53) [72]  (2.32 ns)

 <State 18>: 2.32ns
The critical path consists of the following:
	'dmul' operation ('z_value', /home/pyx/ProjectFS/Project-X/Project-XPlus/kernels/init_pcg_kernel.cpp:53) [72]  (2.32 ns)

 <State 19>: 2.43ns
The critical path consists of the following:
	'getelementptr' operation ('gmem_z_addr', /home/pyx/ProjectFS/Project-X/Project-XPlus/kernels/init_pcg_kernel.cpp:48) [51]  (0 ns)
	bus write operation ('write_ln55', /home/pyx/ProjectFS/Project-X/Project-XPlus/kernels/init_pcg_kernel.cpp:55) on port 'gmem_z' (/home/pyx/ProjectFS/Project-X/Project-XPlus/kernels/init_pcg_kernel.cpp:55) [76]  (2.43 ns)

 <State 20>: 2.32ns
The critical path consists of the following:
	'dmul' operation ('mul', /home/pyx/ProjectFS/Project-X/Project-XPlus/kernels/init_pcg_kernel.cpp:57) [78]  (2.32 ns)

 <State 21>: 2.32ns
The critical path consists of the following:
	'dmul' operation ('mul', /home/pyx/ProjectFS/Project-X/Project-XPlus/kernels/init_pcg_kernel.cpp:57) [78]  (2.32 ns)

 <State 22>: 2.32ns
The critical path consists of the following:
	'dmul' operation ('mul', /home/pyx/ProjectFS/Project-X/Project-XPlus/kernels/init_pcg_kernel.cpp:57) [78]  (2.32 ns)

 <State 23>: 2.32ns
The critical path consists of the following:
	'dmul' operation ('mul', /home/pyx/ProjectFS/Project-X/Project-XPlus/kernels/init_pcg_kernel.cpp:57) [78]  (2.32 ns)

 <State 24>: 2.32ns
The critical path consists of the following:
	'dmul' operation ('mul', /home/pyx/ProjectFS/Project-X/Project-XPlus/kernels/init_pcg_kernel.cpp:57) [78]  (2.32 ns)

 <State 25>: 2.36ns
The critical path consists of the following:
	'dadd' operation ('rr', /home/pyx/ProjectFS/Project-X/Project-XPlus/kernels/init_pcg_kernel.cpp:58) [81]  (1.97 ns)
	'store' operation ('store_ln48', /home/pyx/ProjectFS/Project-X/Project-XPlus/kernels/init_pcg_kernel.cpp:48) of variable 'rr', /home/pyx/ProjectFS/Project-X/Project-XPlus/kernels/init_pcg_kernel.cpp:58 on local variable 'rr' [83]  (0.387 ns)

 <State 26>: 2.32ns
The critical path consists of the following:
	'dmul' operation ('mul', /home/pyx/ProjectFS/Project-X/Project-XPlus/kernels/init_pcg_kernel.cpp:57) [78]  (2.32 ns)

 <State 27>: 1.97ns
The critical path consists of the following:
	'load' operation ('rz_load', /home/pyx/ProjectFS/Project-X/Project-XPlus/kernels/init_pcg_kernel.cpp:57) on local variable 'rz' [61]  (0 ns)
	'dadd' operation ('rz', /home/pyx/ProjectFS/Project-X/Project-XPlus/kernels/init_pcg_kernel.cpp:57) [79]  (1.97 ns)

 <State 28>: 1.97ns
The critical path consists of the following:
	'dadd' operation ('rz', /home/pyx/ProjectFS/Project-X/Project-XPlus/kernels/init_pcg_kernel.cpp:57) [79]  (1.97 ns)

 <State 29>: 1.97ns
The critical path consists of the following:
	'dadd' operation ('rz', /home/pyx/ProjectFS/Project-X/Project-XPlus/kernels/init_pcg_kernel.cpp:57) [79]  (1.97 ns)

 <State 30>: 1.97ns
The critical path consists of the following:
	'dadd' operation ('rz', /home/pyx/ProjectFS/Project-X/Project-XPlus/kernels/init_pcg_kernel.cpp:57) [79]  (1.97 ns)

 <State 31>: 1.97ns
The critical path consists of the following:
	'dadd' operation ('rz', /home/pyx/ProjectFS/Project-X/Project-XPlus/kernels/init_pcg_kernel.cpp:57) [79]  (1.97 ns)

 <State 32>: 2.36ns
The critical path consists of the following:
	'dadd' operation ('rz', /home/pyx/ProjectFS/Project-X/Project-XPlus/kernels/init_pcg_kernel.cpp:57) [79]  (1.97 ns)
	'store' operation ('store_ln48', /home/pyx/ProjectFS/Project-X/Project-XPlus/kernels/init_pcg_kernel.cpp:48) of variable 'rz', /home/pyx/ProjectFS/Project-X/Project-XPlus/kernels/init_pcg_kernel.cpp:57 on local variable 'rz' [84]  (0.387 ns)


============================================================
+ Verbose Summary: Binding
============================================================
N/A
* FSMD analyzer results:
  - Output states:
 - Input state : 
  - Chain level:
	State 1
	State 2
	State 3
	State 4
	State 5
	State 6
	State 7
	State 8
	State 9
	State 10
	State 11
	State 12
	State 13
	State 14
	State 15
	State 16
	State 17
	State 18
	State 19
	State 20
	State 21
	State 22
	State 23
	State 24
	State 25
	State 26
	State 27
	State 28
	State 29
	State 30
	State 31
	State 32


============================================================
+ Verbose Summary: Datapath Resource usage 
============================================================
N/A
