

================================================================
== Vitis HLS Report for 'spmv_csr_kernel_Pipeline_load_x'
================================================================
* Date:           Sun May 10 17:59:46 2026

* Version:        2022.2 (Build 3670227 on Oct 13 2022)
* Project:        spmv_csr_kernel
* Solution:       solution (Vitis Kernel Flow Target)
* Product family: virtexuplus
* Target device:  xcu55c-fsvh2892-2L-e


================================================================
== Performance Estimates
================================================================
+ Timing: 
    * Summary: 
    +--------+---------+----------+------------+
    |  Clock |  Target | Estimated| Uncertainty|
    +--------+---------+----------+------------+
    |ap_clk  |  3.33 ns|  2.433 ns|     0.90 ns|
    +--------+---------+----------+------------+

+ Latency: 
    * Summary: 
    +---------+---------+-----------+----------+-----+------+---------+
    |  Latency (cycles) |  Latency (absolute)  |  Interval  | Pipeline|
    |   min   |   max   |    min    |    max   | min |  max |   Type  |
    +---------+---------+-----------+----------+-----+------+---------+
    |        4|     1027|  13.332 ns|  3.423 us|    4|  1027|       no|
    +---------+---------+-----------+----------+-----+------+---------+

    + Detail: 
        * Instance: 
        N/A

        * Loop: 
        +----------+---------+---------+----------+-----------+-----------+----------+----------+
        |          |  Latency (cycles) | Iteration|  Initiation Interval  |   Trip   |          |
        | Loop Name|   min   |   max   |  Latency |  achieved |   target  |   Count  | Pipelined|
        +----------+---------+---------+----------+-----------+-----------+----------+----------+
        |- load_x  |        2|     1025|         3|          1|          1|  1 ~ 1024|       yes|
        +----------+---------+---------+----------+-----------+-----------+----------+----------+

============================================================
+ Verbose Summary: Synthesis Manager
============================================================
InlineROM: 1
ExposeGlobal: 0
============================================================
+ Verbose Summary: CDFG Model
============================================================
IsTopModel: 0
ResetActiveHigh: 1
IsCombinational: 0
IsDatapathOnly: 0
HasWiredReturn: 1
HasMFsm: 2
HasVarLatency: 1
IsPipeline: 0
IsRtlPipelined: 0
IsInstanceOverlapped: 0
IsDontTouch: 0
HasImplIP: 0
IsGatedGlobalClock: 0

+ Individual pipeline summary: 
  * Pipeline-0: initiation interval (II) = 1, depth = 3


============================================================
+ Verbose Summary: Schedule
============================================================
* Number of FSM states : 3
* Pipeline : 1
  Pipeline-0 : II = 1, D = 3, States = { 1 2 3 }
* Dataflow Pipeline: 0

* FSM state transitions: 
1 --> 2 
2 --> 3 
3 --> 

* FSM state operations: 

State 1 <SV = 0> <Delay = 1.12>
ST_1 : Operation 6 [1/1] (0.00ns)   --->   "%index = alloca i32 1"   --->   Operation 6 'alloca' 'index' <Predicate = true> <Delay = 0.00>
ST_1 : Operation 7 [1/1] (0.00ns)   --->   "%trunc_ln44_1_read = read i11 @_ssdm_op_Read.ap_auto.i11, i11 %trunc_ln44_1"   --->   Operation 7 'read' 'trunc_ln44_1_read' <Predicate = true> <Delay = 0.00>
ST_1 : Operation 8 [1/1] (0.00ns)   --->   "%sext_ln44_read = read i61 @_ssdm_op_Read.ap_auto.i61, i61 %sext_ln44"   --->   Operation 8 'read' 'sext_ln44_read' <Predicate = true> <Delay = 0.00>
ST_1 : Operation 9 [1/1] (0.00ns)   --->   "%sext_ln44_cast = sext i61 %sext_ln44_read"   --->   Operation 9 'sext' 'sext_ln44_cast' <Predicate = true> <Delay = 0.00>
ST_1 : Operation 10 [1/1] (0.00ns)   --->   "%specmemcore_ln0 = specmemcore void @_ssdm_op_SpecMemCore, i64 %x_local, i64 666, i64 22, i64 18446744073709551615"   --->   Operation 10 'specmemcore' 'specmemcore_ln0' <Predicate = true> <Delay = 0.00>
ST_1 : Operation 11 [1/1] (0.00ns)   --->   "%specinterface_ln0 = specinterface void @_ssdm_op_SpecInterface, i64 %gmem_x, void @empty_10, i32 0, i32 0, void @empty, i32 64, i32 0, void @empty_5, void @empty_1, void @empty, i32 16, i32 16, i32 16, i32 16, void @empty, void @empty, i32 4294967295, i32 0"   --->   Operation 11 'specinterface' 'specinterface_ln0' <Predicate = true> <Delay = 0.00>
ST_1 : Operation 12 [1/1] (0.38ns)   --->   "%store_ln0 = store i11 0, i11 %index"   --->   Operation 12 'store' 'store_ln0' <Predicate = true> <Delay = 0.38>
ST_1 : Operation 13 [1/1] (0.00ns)   --->   "%br_ln0 = br void %for.inc"   --->   Operation 13 'br' 'br_ln0' <Predicate = true> <Delay = 0.00>
ST_1 : Operation 14 [1/1] (0.00ns)   --->   "%index_1 = load i11 %index" [/home/pyx/ProjectFS/Project-X/Project-XPlus/kernels/spmv_csr_kernel.cpp:44]   --->   Operation 14 'load' 'index_1' <Predicate = true> <Delay = 0.00>
ST_1 : Operation 15 [1/1] (0.61ns)   --->   "%icmp_ln44 = icmp_eq  i11 %index_1, i11 %trunc_ln44_1_read" [/home/pyx/ProjectFS/Project-X/Project-XPlus/kernels/spmv_csr_kernel.cpp:44]   --->   Operation 15 'icmp' 'icmp_ln44' <Predicate = true> <Delay = 0.61> <CoreInst = "Cmp">   --->   Core 9 'Cmp' <Latency = 0> <II = 1> <Delay = 0.61> <FuncUnit> <Opcode : 'icmp'> <InPorts = 2> <OutPorts = 1>
ST_1 : Operation 16 [1/1] (0.73ns)   --->   "%add_ln44 = add i11 %index_1, i11 1" [/home/pyx/ProjectFS/Project-X/Project-XPlus/kernels/spmv_csr_kernel.cpp:44]   --->   Operation 16 'add' 'add_ln44' <Predicate = true> <Delay = 0.73> <CoreInst = "Adder">   --->   Core 1 'Adder' <Latency = 0> <II = 1> <Delay = 0.73> <FuncUnit> <Opcode : 'add' 'sub'> <InPorts = 2> <OutPorts = 1>
ST_1 : Operation 17 [1/1] (0.00ns)   --->   "%br_ln44 = br i1 %icmp_ln44, void %for.inc.split, void %for.body8.lr.ph.exitStub" [/home/pyx/ProjectFS/Project-X/Project-XPlus/kernels/spmv_csr_kernel.cpp:44]   --->   Operation 17 'br' 'br_ln44' <Predicate = true> <Delay = 0.00>
ST_1 : Operation 18 [1/1] (0.38ns)   --->   "%store_ln44 = store i11 %add_ln44, i11 %index" [/home/pyx/ProjectFS/Project-X/Project-XPlus/kernels/spmv_csr_kernel.cpp:44]   --->   Operation 18 'store' 'store_ln44' <Predicate = (!icmp_ln44)> <Delay = 0.38>

State 2 <SV = 1> <Delay = 2.43>
ST_2 : Operation 19 [1/1] (0.00ns)   --->   "%specbitsmap_ln0 = specbitsmap void @_ssdm_op_SpecBitsMap, i64 %gmem_x"   --->   Operation 19 'specbitsmap' 'specbitsmap_ln0' <Predicate = true> <Delay = 0.00>
ST_2 : Operation 20 [1/1] (0.00ns)   --->   "%gmem_x_addr = getelementptr i64 %gmem_x, i64 %sext_ln44_cast" [/home/pyx/ProjectFS/Project-X/Project-XPlus/kernels/spmv_csr_kernel.cpp:44]   --->   Operation 20 'getelementptr' 'gmem_x_addr' <Predicate = true> <Delay = 0.00>
ST_2 : Operation 21 [1/1] (0.00ns)   --->   "%empty = speclooptripcount i32 @_ssdm_op_SpecLoopTripCount, i64 1, i64 1024, i64 0"   --->   Operation 21 'speclooptripcount' 'empty' <Predicate = true> <Delay = 0.00>
ST_2 : Operation 22 [1/1] (2.43ns)   --->   "%gmem_x_addr_read = read i64 @_ssdm_op_Read.m_axi.p1i64, i64 %gmem_x_addr" [/home/pyx/ProjectFS/Project-X/Project-XPlus/kernels/spmv_csr_kernel.cpp:46]   --->   Operation 22 'read' 'gmem_x_addr_read' <Predicate = (!icmp_ln44)> <Delay = 2.43> <CoreInst = "m_axi">   --->   Core 121 'm_axi' <Latency = 0> <II = 1> <Delay = 1.00> <Adapter> <Opcode : 'read' 'write' 'readreq' 'writereq' 'writeresp'>
ST_2 : Operation 30 [1/1] (0.00ns)   --->   "%ret_ln0 = ret"   --->   Operation 30 'ret' 'ret_ln0' <Predicate = (icmp_ln44)> <Delay = 0.00>

State 3 <SV = 2> <Delay = 1.20>
ST_3 : Operation 23 [1/1] (0.00ns)   --->   "%zext_ln44 = zext i11 %index_1" [/home/pyx/ProjectFS/Project-X/Project-XPlus/kernels/spmv_csr_kernel.cpp:44]   --->   Operation 23 'zext' 'zext_ln44' <Predicate = true> <Delay = 0.00>
ST_3 : Operation 24 [1/1] (0.00ns)   --->   "%specpipeline_ln45 = specpipeline void @_ssdm_op_SpecPipeline, i32 1, i32 0, i32 0, i32 0, void @empty" [/home/pyx/ProjectFS/Project-X/Project-XPlus/kernels/spmv_csr_kernel.cpp:45]   --->   Operation 24 'specpipeline' 'specpipeline_ln45' <Predicate = true> <Delay = 0.00>
ST_3 : Operation 25 [1/1] (0.00ns)   --->   "%specloopname_ln44 = specloopname void @_ssdm_op_SpecLoopName, void @empty_20" [/home/pyx/ProjectFS/Project-X/Project-XPlus/kernels/spmv_csr_kernel.cpp:44]   --->   Operation 25 'specloopname' 'specloopname_ln44' <Predicate = true> <Delay = 0.00>
ST_3 : Operation 26 [1/1] (0.00ns)   --->   "%bitcast_ln46 = bitcast i64 %gmem_x_addr_read" [/home/pyx/ProjectFS/Project-X/Project-XPlus/kernels/spmv_csr_kernel.cpp:46]   --->   Operation 26 'bitcast' 'bitcast_ln46' <Predicate = true> <Delay = 0.00>
ST_3 : Operation 27 [1/1] (0.00ns)   --->   "%x_local_addr = getelementptr i64 %x_local, i64 0, i64 %zext_ln44" [/home/pyx/ProjectFS/Project-X/Project-XPlus/kernels/spmv_csr_kernel.cpp:46]   --->   Operation 27 'getelementptr' 'x_local_addr' <Predicate = true> <Delay = 0.00>
ST_3 : Operation 28 [1/1] (1.20ns)   --->   "%store_ln46 = store i64 %bitcast_ln46, i10 %x_local_addr" [/home/pyx/ProjectFS/Project-X/Project-XPlus/kernels/spmv_csr_kernel.cpp:46]   --->   Operation 28 'store' 'store_ln46' <Predicate = true> <Delay = 1.20> <CoreInst = "RAM_2P_BRAM">   --->   Core 94 'RAM_2P_BRAM' <Latency = 1> <II = 1> <Delay = 1.20> <Storage> <Opcode : 'load' 'store'> <Ports = 2> <Width = 64> <Depth = 1024> <RAM>
ST_3 : Operation 29 [1/1] (0.00ns)   --->   "%br_ln44 = br void %for.inc" [/home/pyx/ProjectFS/Project-X/Project-XPlus/kernels/spmv_csr_kernel.cpp:44]   --->   Operation 29 'br' 'br_ln44' <Predicate = true> <Delay = 0.00>


============================================================
+ Verbose Summary: Timing violations
============================================================
Target clock period: 3.33ns, clock uncertainty: 0.9ns.

 <State 1>: 1.12ns
The critical path consists of the following:
	'alloca' operation ('index') [5]  (0 ns)
	'load' operation ('index', /home/pyx/ProjectFS/Project-X/Project-XPlus/kernels/spmv_csr_kernel.cpp:44) on local variable 'index' [14]  (0 ns)
	'add' operation ('add_ln44', /home/pyx/ProjectFS/Project-X/Project-XPlus/kernels/spmv_csr_kernel.cpp:44) [19]  (0.735 ns)
	'store' operation ('store_ln44', /home/pyx/ProjectFS/Project-X/Project-XPlus/kernels/spmv_csr_kernel.cpp:44) of variable 'add_ln44', /home/pyx/ProjectFS/Project-X/Project-XPlus/kernels/spmv_csr_kernel.cpp:44 on local variable 'index' [29]  (0.387 ns)

 <State 2>: 2.43ns
The critical path consists of the following:
	'getelementptr' operation ('gmem_x_addr', /home/pyx/ProjectFS/Project-X/Project-XPlus/kernels/spmv_csr_kernel.cpp:44) [16]  (0 ns)
	bus read operation ('gmem_x_addr_read', /home/pyx/ProjectFS/Project-X/Project-XPlus/kernels/spmv_csr_kernel.cpp:46) on port 'gmem_x' (/home/pyx/ProjectFS/Project-X/Project-XPlus/kernels/spmv_csr_kernel.cpp:46) [25]  (2.43 ns)

 <State 3>: 1.2ns
The critical path consists of the following:
	'getelementptr' operation ('x_local_addr', /home/pyx/ProjectFS/Project-X/Project-XPlus/kernels/spmv_csr_kernel.cpp:46) [27]  (0 ns)
	'store' operation ('store_ln46', /home/pyx/ProjectFS/Project-X/Project-XPlus/kernels/spmv_csr_kernel.cpp:46) of variable 'bitcast_ln46', /home/pyx/ProjectFS/Project-X/Project-XPlus/kernels/spmv_csr_kernel.cpp:46 on array 'x_local' [28]  (1.2 ns)


============================================================
+ Verbose Summary: Binding
============================================================
N/A
* FSMD analyzer results:
  - Output states:
 - Input state : 
  - Chain level:
	State 1
	State 2
	State 3


============================================================
+ Verbose Summary: Datapath Resource usage 
============================================================
N/A
